{"/home/vscode/project/extensions_src/work-env/src/test-helper.ts":{"path":"/home/vscode/project/extensions_src/work-env/src/test-helper.ts","statementMap":{"0":{"start":{"line":2,"column":22},"end":{"line":12,"column":3}},"1":{"start":{"line":3,"column":4},"end":{"line":3,"column":33}},"2":{"start":{"line":3,"column":26},"end":{"line":3,"column":33}},"3":{"start":{"line":4,"column":15},"end":{"line":4,"column":52}},"4":{"start":{"line":5,"column":4},"end":{"line":7,"column":5}},"5":{"start":{"line":6,"column":6},"end":{"line":6,"column":68}},"6":{"start":{"line":6,"column":51},"end":{"line":6,"column":63}},"7":{"start":{"line":8,"column":4},"end":{"line":8,"column":39}},"8":{"start":{"line":10,"column":4},"end":{"line":10,"column":33}},"9":{"start":{"line":10,"column":26},"end":{"line":10,"column":33}},"10":{"start":{"line":11,"column":4},"end":{"line":11,"column":17}},"11":{"start":{"line":13,"column":25},"end":{"line":17,"column":2}},"12":{"start":{"line":14,"column":4},"end":{"line":14,"column":72}},"13":{"start":{"line":16,"column":4},"end":{"line":16,"column":21}},"14":{"start":{"line":18,"column":19},"end":{"line":34,"column":4}},"15":{"start":{"line":19,"column":18},"end":{"line":26,"column":5}},"16":{"start":{"line":20,"column":8},"end":{"line":24,"column":10}},"17":{"start":{"line":21,"column":21},"end":{"line":21,"column":23}},"18":{"start":{"line":22,"column":12},"end":{"line":22,"column":95}},"19":{"start":{"line":22,"column":29},"end":{"line":22,"column":95}},"20":{"start":{"line":22,"column":77},"end":{"line":22,"column":95}},"21":{"start":{"line":23,"column":12},"end":{"line":23,"column":22}},"22":{"start":{"line":25,"column":8},"end":{"line":25,"column":26}},"23":{"start":{"line":27,"column":4},"end":{"line":33,"column":6}},"24":{"start":{"line":28,"column":8},"end":{"line":28,"column":46}},"25":{"start":{"line":28,"column":35},"end":{"line":28,"column":46}},"26":{"start":{"line":29,"column":21},"end":{"line":29,"column":23}},"27":{"start":{"line":30,"column":8},"end":{"line":30,"column":137}},"28":{"start":{"line":30,"column":25},"end":{"line":30,"column":137}},"29":{"start":{"line":30,"column":38},"end":{"line":30,"column":50}},"30":{"start":{"line":30,"column":56},"end":{"line":30,"column":57}},"31":{"start":{"line":30,"column":78},"end":{"line":30,"column":137}},"32":{"start":{"line":30,"column":102},"end":{"line":30,"column":137}},"33":{"start":{"line":31,"column":8},"end":{"line":31,"column":40}},"34":{"start":{"line":32,"column":8},"end":{"line":32,"column":22}},"35":{"start":{"line":35,"column":22},"end":{"line":37,"column":1}},"36":{"start":{"line":36,"column":4},"end":{"line":36,"column":62}},"37":{"start":{"line":38,"column":0},"end":{"line":38,"column":62}},"38":{"start":{"line":39,"column":0},"end":{"line":39,"column":107}},"39":{"start":{"line":40,"column":0},"end":{"line":40,"column":84}},"40":{"start":{"line":41,"column":0},"end":{"line":41,"column":86}},"41":{"start":{"line":42,"column":0},"end":{"line":42,"column":66}},"42":{"start":{"line":43,"column":0},"end":{"line":43,"column":56}},"43":{"start":{"line":44,"column":0},"end":{"line":44,"column":62}},"44":{"start":{"line":45,"column":0},"end":{"line":45,"column":46}},"45":{"start":{"line":46,"column":0},"end":{"line":46,"column":54}},"46":{"start":{"line":47,"column":0},"end":{"line":47,"column":38}},"47":{"start":{"line":48,"column":0},"end":{"line":48,"column":40}},"48":{"start":{"line":49,"column":0},"end":{"line":49,"column":46}},"49":{"start":{"line":50,"column":0},"end":{"line":50,"column":54}},"50":{"start":{"line":51,"column":0},"end":{"line":51,"column":56}},"51":{"start":{"line":52,"column":0},"end":{"line":52,"column":66}},"52":{"start":{"line":53,"column":0},"end":{"line":53,"column":32}},"53":{"start":{"line":54,"column":0},"end":{"line":54,"column":50}},"54":{"start":{"line":55,"column":0},"end":{"line":55,"column":46}},"55":{"start":{"line":56,"column":0},"end":{"line":56,"column":46}},"56":{"start":{"line":57,"column":0},"end":{"line":57,"column":46}},"57":{"start":{"line":58,"column":0},"end":{"line":58,"column":64}},"58":{"start":{"line":59,"column":0},"end":{"line":59,"column":60}},"59":{"start":{"line":60,"column":0},"end":{"line":60,"column":48}},"60":{"start":{"line":61,"column":0},"end":{"line":61,"column":70}},"61":{"start":{"line":62,"column":11},"end":{"line":62,"column":38}},"62":{"start":{"line":63,"column":13},"end":{"line":63,"column":42}},"63":{"start":{"line":64,"column":24},"end":{"line":64,"column":48}},"64":{"start":{"line":65,"column":15},"end":{"line":65,"column":30}},"65":{"start":{"line":66,"column":11},"end":{"line":66,"column":38}},"66":{"start":{"line":67,"column":14},"end":{"line":67,"column":44}},"67":{"start":{"line":68,"column":17},"end":{"line":68,"column":51}},"68":{"start":{"line":70,"column":21},"end":{"line":95,"column":5}},"69":{"start":{"line":97,"column":0},"end":{"line":97,"column":30}},"70":{"start":{"line":98,"column":20},"end":{"line":98,"column":63}},"71":{"start":{"line":101,"column":0},"end":{"line":143,"column":2}},"72":{"start":{"line":130,"column":8},"end":{"line":141,"column":10}},"73":{"start":{"line":150,"column":4},"end":{"line":150,"column":18}},"74":{"start":{"line":154,"column":4},"end":{"line":154,"column":59}},"75":{"start":{"line":154,"column":34},"end":{"line":154,"column":57}},"76":{"start":{"line":158,"column":22},"end":{"line":158,"column":96}},"77":{"start":{"line":159,"column":4},"end":{"line":159,"column":23}},"78":{"start":{"line":163,"column":20},"end":{"line":163,"column":84}},"79":{"start":{"line":164,"column":26},"end":{"line":164,"column":39}},"80":{"start":{"line":165,"column":4},"end":{"line":169,"column":7}},"81":{"start":{"line":166,"column":8},"end":{"line":168,"column":9}},"82":{"start":{"line":167,"column":12},"end":{"line":167,"column":118}},"83":{"start":{"line":174,"column":4},"end":{"line":176,"column":5}},"84":{"start":{"line":175,"column":8},"end":{"line":175,"column":20}},"85":{"start":{"line":178,"column":4},"end":{"line":184,"column":5}},"86":{"start":{"line":179,"column":8},"end":{"line":179,"column":46}},"87":{"start":{"line":180,"column":8},"end":{"line":180,"column":20}},"88":{"start":{"line":183,"column":8},"end":{"line":183,"column":21}},"89":{"start":{"line":188,"column":20},"end":{"line":188,"column":76}},"90":{"start":{"line":189,"column":26},"end":{"line":189,"column":37}},"91":{"start":{"line":190,"column":4},"end":{"line":194,"column":7}},"92":{"start":{"line":191,"column":8},"end":{"line":193,"column":9}},"93":{"start":{"line":192,"column":12},"end":{"line":192,"column":105}},"94":{"start":{"line":198,"column":4},"end":{"line":210,"column":5}},"95":{"start":{"line":199,"column":8},"end":{"line":199,"column":41}},"96":{"start":{"line":200,"column":8},"end":{"line":200,"column":20}},"97":{"start":{"line":204,"column":29},"end":{"line":204,"column":59}},"98":{"start":{"line":205,"column":8},"end":{"line":207,"column":9}},"99":{"start":{"line":206,"column":12},"end":{"line":206,"column":25}},"100":{"start":{"line":209,"column":8},"end":{"line":209,"column":21}},"101":{"start":{"line":214,"column":20},"end":{"line":214,"column":40}},"102":{"start":{"line":215,"column":23},"end":{"line":215,"column":32}},"103":{"start":{"line":216,"column":22},"end":{"line":216,"column":24}},"104":{"start":{"line":217,"column":4},"end":{"line":225,"column":5}},"105":{"start":{"line":218,"column":8},"end":{"line":218,"column":106}},"106":{"start":{"line":220,"column":9},"end":{"line":225,"column":5}},"107":{"start":{"line":221,"column":8},"end":{"line":221,"column":79}},"108":{"start":{"line":224,"column":8},"end":{"line":224,"column":77}},"109":{"start":{"line":226,"column":4},"end":{"line":230,"column":7}},"110":{"start":{"line":227,"column":8},"end":{"line":229,"column":9}},"111":{"start":{"line":228,"column":12},"end":{"line":228,"column":68}},"112":{"start":{"line":233,"column":23},"end":{"line":233,"column":78}},"113":{"start":{"line":234,"column":4},"end":{"line":234,"column":52}},"114":{"start":{"line":237,"column":22},"end":{"line":237,"column":65}},"115":{"start":{"line":238,"column":4},"end":{"line":241,"column":7}},"116":{"start":{"line":240,"column":8},"end":{"line":240,"column":90}},"117":{"start":{"line":246,"column":4},"end":{"line":248,"column":5}},"118":{"start":{"line":247,"column":8},"end":{"line":247,"column":67}},"119":{"start":{"line":250,"column":21},"end":{"line":269,"column":20}},"120":{"start":{"line":270,"column":4},"end":{"line":270,"column":20}},"121":{"start":{"line":273,"column":4},"end":{"line":275,"column":5}},"122":{"start":{"line":274,"column":8},"end":{"line":274,"column":15}},"123":{"start":{"line":276,"column":4},"end":{"line":278,"column":5}},"124":{"start":{"line":277,"column":8},"end":{"line":277,"column":50}},"125":{"start":{"line":279,"column":18},"end":{"line":279,"column":40}},"126":{"start":{"line":280,"column":4},"end":{"line":289,"column":5}},"127":{"start":{"line":281,"column":24},"end":{"line":281,"column":47}},"128":{"start":{"line":282,"column":25},"end":{"line":282,"column":48}},"129":{"start":{"line":283,"column":8},"end":{"line":288,"column":9}},"130":{"start":{"line":284,"column":12},"end":{"line":284,"column":55}},"131":{"start":{"line":287,"column":12},"end":{"line":287,"column":47}},"132":{"start":{"line":292,"column":4},"end":{"line":292,"column":30}},"133":{"start":{"line":295,"column":4},"end":{"line":295,"column":16}},"134":{"start":{"line":298,"column":0},"end":{"line":309,"column":2}},"135":{"start":{"line":300,"column":8},"end":{"line":302,"column":9}},"136":{"start":{"line":301,"column":12},"end":{"line":301,"column":66}},"137":{"start":{"line":303,"column":8},"end":{"line":307,"column":10}},"138":{"start":{"line":311,"column":0},"end":{"line":321,"column":2}},"139":{"start":{"line":324,"column":4},"end":{"line":324,"column":25}},"140":{"start":{"line":325,"column":4},"end":{"line":325,"column":56}},"141":{"start":{"line":326,"column":4},"end":{"line":326,"column":62}},"142":{"start":{"line":327,"column":4},"end":{"line":327,"column":52}},"143":{"start":{"line":328,"column":4},"end":{"line":328,"column":54}},"144":{"start":{"line":329,"column":4},"end":{"line":329,"column":57}},"145":{"start":{"line":330,"column":4},"end":{"line":330,"column":56}},"146":{"start":{"line":331,"column":4},"end":{"line":331,"column":56}},"147":{"start":{"line":332,"column":4},"end":{"line":332,"column":49}},"148":{"start":{"line":333,"column":4},"end":{"line":333,"column":41}},"149":{"start":{"line":334,"column":4},"end":{"line":334,"column":42}},"150":{"start":{"line":335,"column":4},"end":{"line":335,"column":45}},"151":{"start":{"line":336,"column":4},"end":{"line":336,"column":45}},"152":{"start":{"line":337,"column":4},"end":{"line":337,"column":44}},"153":{"start":{"line":338,"column":4},"end":{"line":338,"column":48}},"154":{"start":{"line":339,"column":4},"end":{"line":339,"column":47}},"155":{"start":{"line":340,"column":4},"end":{"line":340,"column":46}},"156":{"start":{"line":341,"column":4},"end":{"line":341,"column":47}},"157":{"start":{"line":342,"column":4},"end":{"line":342,"column":44}},"158":{"start":{"line":346,"column":4},"end":{"line":356,"column":7}},"159":{"start":{"line":347,"column":22},"end":{"line":347,"column":31}},"160":{"start":{"line":348,"column":22},"end":{"line":348,"column":62}},"161":{"start":{"line":349,"column":8},"end":{"line":354,"column":9}},"162":{"start":{"line":350,"column":12},"end":{"line":352,"column":13}},"163":{"start":{"line":351,"column":16},"end":{"line":351,"column":29}},"164":{"start":{"line":353,"column":12},"end":{"line":353,"column":36}},"165":{"start":{"line":355,"column":8},"end":{"line":355,"column":20}},"166":{"start":{"line":357,"column":4},"end":{"line":367,"column":7}},"167":{"start":{"line":358,"column":22},"end":{"line":358,"column":31}},"168":{"start":{"line":359,"column":22},"end":{"line":359,"column":61}},"169":{"start":{"line":360,"column":8},"end":{"line":365,"column":9}},"170":{"start":{"line":361,"column":12},"end":{"line":363,"column":13}},"171":{"start":{"line":362,"column":16},"end":{"line":362,"column":26}},"172":{"start":{"line":364,"column":12},"end":{"line":364,"column":36}},"173":{"start":{"line":366,"column":8},"end":{"line":366,"column":36}},"174":{"start":{"line":368,"column":4},"end":{"line":382,"column":7}},"175":{"start":{"line":369,"column":22},"end":{"line":369,"column":31}},"176":{"start":{"line":370,"column":22},"end":{"line":370,"column":62}},"177":{"start":{"line":371,"column":8},"end":{"line":376,"column":9}},"178":{"start":{"line":371,"column":21},"end":{"line":371,"column":22}},"179":{"start":{"line":372,"column":12},"end":{"line":374,"column":13}},"180":{"start":{"line":373,"column":16},"end":{"line":373,"column":52}},"181":{"start":{"line":373,"column":44},"end":{"line":373,"column":49}},"182":{"start":{"line":375,"column":12},"end":{"line":375,"column":40}},"183":{"start":{"line":377,"column":25},"end":{"line":377,"column":48}},"184":{"start":{"line":378,"column":22},"end":{"line":378,"column":59}},"185":{"start":{"line":379,"column":8},"end":{"line":381,"column":10}},"186":{"start":{"line":380,"column":31},"end":{"line":380,"column":36}},"187":{"start":{"line":386,"column":4},"end":{"line":390,"column":6}},"188":{"start":{"line":394,"column":4},"end":{"line":403,"column":7}},"189":{"start":{"line":395,"column":8},"end":{"line":397,"column":9}},"190":{"start":{"line":396,"column":12},"end":{"line":396,"column":76}},"191":{"start":{"line":398,"column":8},"end":{"line":402,"column":10}},"192":{"start":{"line":407,"column":4},"end":{"line":416,"column":7}},"193":{"start":{"line":408,"column":8},"end":{"line":410,"column":9}},"194":{"start":{"line":409,"column":12},"end":{"line":409,"column":80}},"195":{"start":{"line":411,"column":8},"end":{"line":415,"column":10}},"196":{"start":{"line":420,"column":4},"end":{"line":420,"column":88}},"197":{"start":{"line":424,"column":4},"end":{"line":424,"column":89}},"198":{"start":{"line":428,"column":4},"end":{"line":428,"column":51}},"199":{"start":{"line":432,"column":4},"end":{"line":432,"column":166}},"200":{"start":{"line":435,"column":0},"end":{"line":456,"column":2}},"201":{"start":{"line":438,"column":8},"end":{"line":438,"column":143}},"202":{"start":{"line":442,"column":8},"end":{"line":442,"column":148}},"203":{"start":{"line":446,"column":8},"end":{"line":446,"column":136}},"204":{"start":{"line":450,"column":8},"end":{"line":450,"column":136}},"205":{"start":{"line":454,"column":8},"end":{"line":454,"column":180}}},"fnMap":{"0":{"name":"(anonymous_0)","decl":{"start":{"line":2,"column":74},"end":{"line":2,"column":75}},"loc":{"start":{"line":2,"column":96},"end":{"line":9,"column":1}},"line":2},"1":{"name":"(anonymous_1)","decl":{"start":{"line":6,"column":38},"end":{"line":6,"column":39}},"loc":{"start":{"line":6,"column":49},"end":{"line":6,"column":65}},"line":6},"2":{"name":"(anonymous_2)","decl":{"start":{"line":9,"column":6},"end":{"line":9,"column":7}},"loc":{"start":{"line":9,"column":28},"end":{"line":12,"column":1}},"line":9},"3":{"name":"(anonymous_3)","decl":{"start":{"line":13,"column":80},"end":{"line":13,"column":81}},"loc":{"start":{"line":13,"column":95},"end":{"line":15,"column":1}},"line":13},"4":{"name":"(anonymous_4)","decl":{"start":{"line":15,"column":5},"end":{"line":15,"column":6}},"loc":{"start":{"line":15,"column":20},"end":{"line":17,"column":1}},"line":15},"5":{"name":"(anonymous_5)","decl":{"start":{"line":18,"column":51},"end":{"line":18,"column":52}},"loc":{"start":{"line":18,"column":63},"end":{"line":34,"column":1}},"line":18},"6":{"name":"(anonymous_6)","decl":{"start":{"line":19,"column":18},"end":{"line":19,"column":19}},"loc":{"start":{"line":19,"column":30},"end":{"line":26,"column":5}},"line":19},"7":{"name":"(anonymous_7)","decl":{"start":{"line":20,"column":48},"end":{"line":20,"column":49}},"loc":{"start":{"line":20,"column":61},"end":{"line":24,"column":9}},"line":20},"8":{"name":"(anonymous_8)","decl":{"start":{"line":27,"column":11},"end":{"line":27,"column":12}},"loc":{"start":{"line":27,"column":26},"end":{"line":33,"column":5}},"line":27},"9":{"name":"(anonymous_9)","decl":{"start":{"line":35,"column":56},"end":{"line":35,"column":57}},"loc":{"start":{"line":35,"column":71},"end":{"line":37,"column":1}},"line":35},"10":{"name":"(anonymous_10)","decl":{"start":{"line":129,"column":22},"end":{"line":129,"column":23}},"loc":{"start":{"line":129,"column":34},"end":{"line":142,"column":5}},"line":129},"11":{"name":"resetAllMocks","decl":{"start":{"line":148,"column":9},"end":{"line":148,"column":22}},"loc":{"start":{"line":148,"column":25},"end":{"line":151,"column":1}},"line":148},"12":{"name":"waitForPromise","decl":{"start":{"line":153,"column":9},"end":{"line":153,"column":23}},"loc":{"start":{"line":153,"column":32},"end":{"line":155,"column":1}},"line":153},"13":{"name":"(anonymous_13)","decl":{"start":{"line":154,"column":23},"end":{"line":154,"column":24}},"loc":{"start":{"line":154,"column":34},"end":{"line":154,"column":57}},"line":154},"14":{"name":"isRemoteContainersExtensionInstalled","decl":{"start":{"line":157,"column":9},"end":{"line":157,"column":45}},"loc":{"start":{"line":157,"column":48},"end":{"line":160,"column":1}},"line":157},"15":{"name":"showRemoteContainersNotInstalledError","decl":{"start":{"line":162,"column":9},"end":{"line":162,"column":46}},"loc":{"start":{"line":162,"column":49},"end":{"line":170,"column":1}},"line":162},"16":{"name":"(anonymous_16)","decl":{"start":{"line":165,"column":70},"end":{"line":165,"column":71}},"loc":{"start":{"line":165,"column":85},"end":{"line":169,"column":5}},"line":165},"17":{"name":"isDockerInstalled","decl":{"start":{"line":172,"column":15},"end":{"line":172,"column":32}},"loc":{"start":{"line":172,"column":35},"end":{"line":185,"column":1}},"line":172},"18":{"name":"showDockerNotInstalledError","decl":{"start":{"line":187,"column":9},"end":{"line":187,"column":36}},"loc":{"start":{"line":187,"column":39},"end":{"line":195,"column":1}},"line":187},"19":{"name":"(anonymous_19)","decl":{"start":{"line":190,"column":70},"end":{"line":190,"column":71}},"loc":{"start":{"line":190,"column":85},"end":{"line":194,"column":5}},"line":190},"20":{"name":"checkDockerPermissions","decl":{"start":{"line":197,"column":15},"end":{"line":197,"column":37}},"loc":{"start":{"line":197,"column":40},"end":{"line":211,"column":1}},"line":197},"21":{"name":"showDockerPermissionError","decl":{"start":{"line":213,"column":9},"end":{"line":213,"column":34}},"loc":{"start":{"line":213,"column":37},"end":{"line":231,"column":1}},"line":213},"22":{"name":"(anonymous_22)","decl":{"start":{"line":226,"column":67},"end":{"line":226,"column":68}},"loc":{"start":{"line":226,"column":82},"end":{"line":230,"column":5}},"line":226},"23":{"name":"setupDevContainer","decl":{"start":{"line":232,"column":9},"end":{"line":232,"column":26}},"loc":{"start":{"line":232,"column":48},"end":{"line":235,"column":1}},"line":232},"24":{"name":"openFolderInContainer","decl":{"start":{"line":236,"column":9},"end":{"line":236,"column":30}},"loc":{"start":{"line":236,"column":53},"end":{"line":242,"column":1}},"line":236},"25":{"name":"(anonymous_25)","decl":{"start":{"line":238,"column":89},"end":{"line":238,"column":90}},"loc":{"start":{"line":238,"column":95},"end":{"line":239,"column":5}},"line":238},"26":{"name":"(anonymous_26)","decl":{"start":{"line":239,"column":7},"end":{"line":239,"column":8}},"loc":{"start":{"line":239,"column":18},"end":{"line":241,"column":5}},"line":239},"27":{"name":"generateDockerCompose","decl":{"start":{"line":244,"column":9},"end":{"line":244,"column":30}},"loc":{"start":{"line":244,"column":68},"end":{"line":271,"column":1}},"line":244},"28":{"name":"copyFolderRecursiveSync","decl":{"start":{"line":272,"column":9},"end":{"line":272,"column":32}},"loc":{"start":{"line":272,"column":49},"end":{"line":290,"column":1}},"line":272},"29":{"name":"createMockVscodeModule","decl":{"start":{"line":291,"column":9},"end":{"line":291,"column":31}},"loc":{"start":{"line":291,"column":34},"end":{"line":293,"column":1}},"line":291},"30":{"name":"isRemoteContainersInstalled","decl":{"start":{"line":294,"column":15},"end":{"line":294,"column":42}},"loc":{"start":{"line":294,"column":45},"end":{"line":296,"column":1}},"line":294},"31":{"name":"(anonymous_31)","decl":{"start":{"line":299,"column":33},"end":{"line":299,"column":34}},"loc":{"start":{"line":299,"column":52},"end":{"line":308,"column":5}},"line":299},"32":{"name":"resetMocks","decl":{"start":{"line":323,"column":9},"end":{"line":323,"column":19}},"loc":{"start":{"line":323,"column":22},"end":{"line":343,"column":1}},"line":323},"33":{"name":"setupMockFileSystem","decl":{"start":{"line":345,"column":9},"end":{"line":345,"column":28}},"loc":{"start":{"line":345,"column":40},"end":{"line":383,"column":1}},"line":345},"34":{"name":"(anonymous_34)","decl":{"start":{"line":346,"column":40},"end":{"line":346,"column":41}},"loc":{"start":{"line":346,"column":54},"end":{"line":356,"column":5}},"line":346},"35":{"name":"(anonymous_35)","decl":{"start":{"line":357,"column":41},"end":{"line":357,"column":42}},"loc":{"start":{"line":357,"column":54},"end":{"line":367,"column":5}},"line":357},"36":{"name":"(anonymous_36)","decl":{"start":{"line":368,"column":39},"end":{"line":368,"column":40}},"loc":{"start":{"line":368,"column":53},"end":{"line":382,"column":5}},"line":368},"37":{"name":"(anonymous_37)","decl":{"start":{"line":373,"column":38},"end":{"line":373,"column":39}},"loc":{"start":{"line":373,"column":44},"end":{"line":373,"column":49}},"line":373},"38":{"name":"(anonymous_38)","decl":{"start":{"line":380,"column":25},"end":{"line":380,"column":26}},"loc":{"start":{"line":380,"column":31},"end":{"line":380,"column":36}},"line":380},"39":{"name":"createMockContext","decl":{"start":{"line":385,"column":9},"end":{"line":385,"column":26}},"loc":{"start":{"line":385,"column":62},"end":{"line":391,"column":1}},"line":385},"40":{"name":"mockDockerSuccess","decl":{"start":{"line":393,"column":9},"end":{"line":393,"column":26}},"loc":{"start":{"line":393,"column":29},"end":{"line":404,"column":1}},"line":393},"41":{"name":"(anonymous_41)","decl":{"start":{"line":394,"column":40},"end":{"line":394,"column":41}},"loc":{"start":{"line":394,"column":59},"end":{"line":403,"column":5}},"line":394},"42":{"name":"mockDockerFailure","decl":{"start":{"line":406,"column":9},"end":{"line":406,"column":26}},"loc":{"start":{"line":406,"column":63},"end":{"line":417,"column":1}},"line":406},"43":{"name":"(anonymous_43)","decl":{"start":{"line":407,"column":40},"end":{"line":407,"column":41}},"loc":{"start":{"line":407,"column":59},"end":{"line":416,"column":5}},"line":407},"44":{"name":"mockProjectFolderSelection","decl":{"start":{"line":419,"column":9},"end":{"line":419,"column":35}},"loc":{"start":{"line":419,"column":66},"end":{"line":421,"column":1}},"line":419},"45":{"name":"mockCacheFolderSelection","decl":{"start":{"line":423,"column":9},"end":{"line":423,"column":33}},"loc":{"start":{"line":423,"column":62},"end":{"line":425,"column":1}},"line":423},"46":{"name":"mockGitHubPatInput","decl":{"start":{"line":427,"column":9},"end":{"line":427,"column":27}},"loc":{"start":{"line":427,"column":53},"end":{"line":429,"column":1}},"line":427},"47":{"name":"mockRemoteContainersExtension","decl":{"start":{"line":431,"column":9},"end":{"line":431,"column":38}},"loc":{"start":{"line":431,"column":57},"end":{"line":433,"column":1}},"line":431},"48":{"name":"(anonymous_48)","decl":{"start":{"line":437,"column":23},"end":{"line":437,"column":24}},"loc":{"start":{"line":437,"column":36},"end":{"line":439,"column":5}},"line":437},"49":{"name":"(anonymous_49)","decl":{"start":{"line":441,"column":22},"end":{"line":441,"column":23}},"loc":{"start":{"line":441,"column":35},"end":{"line":443,"column":5}},"line":441},"50":{"name":"(anonymous_50)","decl":{"start":{"line":445,"column":21},"end":{"line":445,"column":22}},"loc":{"start":{"line":445,"column":43},"end":{"line":447,"column":5}},"line":445},"51":{"name":"(anonymous_51)","decl":{"start":{"line":449,"column":27},"end":{"line":449,"column":28}},"loc":{"start":{"line":449,"column":40},"end":{"line":451,"column":5}},"line":449},"52":{"name":"(anonymous_52)","decl":{"start":{"line":453,"column":17},"end":{"line":453,"column":18}},"loc":{"start":{"line":453,"column":40},"end":{"line":455,"column":5}},"line":453}},"branchMap":{"0":{"loc":{"start":{"line":2,"column":22},"end":{"line":12,"column":3}},"type":"binary-expr","locations":[{"start":{"line":2,"column":23},"end":{"line":2,"column":27}},{"start":{"line":2,"column":31},"end":{"line":2,"column":51}},{"start":{"line":2,"column":57},"end":{"line":12,"column":2}}],"line":2},"1":{"loc":{"start":{"line":2,"column":57},"end":{"line":12,"column":2}},"type":"cond-expr","locations":[{"start":{"line":2,"column":74},"end":{"line":9,"column":1}},{"start":{"line":9,"column":6},"end":{"line":12,"column":1}}],"line":2},"2":{"loc":{"start":{"line":3,"column":4},"end":{"line":3,"column":33}},"type":"if","locations":[{"start":{"line":3,"column":4},"end":{"line":3,"column":33}},{"start":{"line":3,"column":4},"end":{"line":3,"column":33}}],"line":3},"3":{"loc":{"start":{"line":5,"column":4},"end":{"line":7,"column":5}},"type":"if","locations":[{"start":{"line":5,"column":4},"end":{"line":7,"column":5}},{"start":{"line":5,"column":4},"end":{"line":7,"column":5}}],"line":5},"4":{"loc":{"start":{"line":5,"column":8},"end":{"line":5,"column":85}},"type":"binary-expr","locations":[{"start":{"line":5,"column":8},"end":{"line":5,"column":13}},{"start":{"line":5,"column":18},"end":{"line":5,"column":84}}],"line":5},"5":{"loc":{"start":{"line":5,"column":18},"end":{"line":5,"column":84}},"type":"cond-expr","locations":[{"start":{"line":5,"column":34},"end":{"line":5,"column":47}},{"start":{"line":5,"column":50},"end":{"line":5,"column":84}}],"line":5},"6":{"loc":{"start":{"line":5,"column":50},"end":{"line":5,"column":84}},"type":"binary-expr","locations":[{"start":{"line":5,"column":50},"end":{"line":5,"column":63}},{"start":{"line":5,"column":67},"end":{"line":5,"column":84}}],"line":5},"7":{"loc":{"start":{"line":10,"column":4},"end":{"line":10,"column":33}},"type":"if","locations":[{"start":{"line":10,"column":4},"end":{"line":10,"column":33}},{"start":{"line":10,"column":4},"end":{"line":10,"column":33}}],"line":10},"8":{"loc":{"start":{"line":13,"column":25},"end":{"line":17,"column":2}},"type":"binary-expr","locations":[{"start":{"line":13,"column":26},"end":{"line":13,"column":30}},{"start":{"line":13,"column":34},"end":{"line":13,"column":57}},{"start":{"line":13,"column":63},"end":{"line":17,"column":1}}],"line":13},"9":{"loc":{"start":{"line":13,"column":63},"end":{"line":17,"column":1}},"type":"cond-expr","locations":[{"start":{"line":13,"column":80},"end":{"line":15,"column":1}},{"start":{"line":15,"column":5},"end":{"line":17,"column":1}}],"line":13},"10":{"loc":{"start":{"line":18,"column":19},"end":{"line":34,"column":4}},"type":"binary-expr","locations":[{"start":{"line":18,"column":20},"end":{"line":18,"column":24}},{"start":{"line":18,"column":28},"end":{"line":18,"column":45}},{"start":{"line":18,"column":50},"end":{"line":34,"column":4}}],"line":18},"11":{"loc":{"start":{"line":20,"column":18},"end":{"line":24,"column":9}},"type":"binary-expr","locations":[{"start":{"line":20,"column":18},"end":{"line":20,"column":44}},{"start":{"line":20,"column":48},"end":{"line":24,"column":9}}],"line":20},"12":{"loc":{"start":{"line":22,"column":29},"end":{"line":22,"column":95}},"type":"if","locations":[{"start":{"line":22,"column":29},"end":{"line":22,"column":95}},{"start":{"line":22,"column":29},"end":{"line":22,"column":95}}],"line":22},"13":{"loc":{"start":{"line":28,"column":8},"end":{"line":28,"column":46}},"type":"if","locations":[{"start":{"line":28,"column":8},"end":{"line":28,"column":46}},{"start":{"line":28,"column":8},"end":{"line":28,"column":46}}],"line":28},"14":{"loc":{"start":{"line":28,"column":12},"end":{"line":28,"column":33}},"type":"binary-expr","locations":[{"start":{"line":28,"column":12},"end":{"line":28,"column":15}},{"start":{"line":28,"column":19},"end":{"line":28,"column":33}}],"line":28},"15":{"loc":{"start":{"line":30,"column":8},"end":{"line":30,"column":137}},"type":"if","locations":[{"start":{"line":30,"column":8},"end":{"line":30,"column":137}},{"start":{"line":30,"column":8},"end":{"line":30,"column":137}}],"line":30},"16":{"loc":{"start":{"line":30,"column":78},"end":{"line":30,"column":137}},"type":"if","locations":[{"start":{"line":30,"column":78},"end":{"line":30,"column":137}},{"start":{"line":30,"column":78},"end":{"line":30,"column":137}}],"line":30},"17":{"loc":{"start":{"line":35,"column":22},"end":{"line":37,"column":1}},"type":"binary-expr","locations":[{"start":{"line":35,"column":23},"end":{"line":35,"column":27}},{"start":{"line":35,"column":31},"end":{"line":35,"column":51}},{"start":{"line":35,"column":56},"end":{"line":37,"column":1}}],"line":35},"18":{"loc":{"start":{"line":36,"column":11},"end":{"line":36,"column":61}},"type":"cond-expr","locations":[{"start":{"line":36,"column":37},"end":{"line":36,"column":40}},{"start":{"line":36,"column":43},"end":{"line":36,"column":61}}],"line":36},"19":{"loc":{"start":{"line":36,"column":12},"end":{"line":36,"column":33}},"type":"binary-expr","locations":[{"start":{"line":36,"column":12},"end":{"line":36,"column":15}},{"start":{"line":36,"column":19},"end":{"line":36,"column":33}}],"line":36},"20":{"loc":{"start":{"line":70,"column":21},"end":{"line":95,"column":5}},"type":"cond-expr","locations":[{"start":{"line":71,"column":6},"end":{"line":71,"column":23}},{"start":{"line":72,"column":6},"end":{"line":95,"column":5}}],"line":70},"21":{"loc":{"start":{"line":153,"column":24},"end":{"line":153,"column":30}},"type":"default-arg","locations":[{"start":{"line":153,"column":29},"end":{"line":153,"column":30}}],"line":153},"22":{"loc":{"start":{"line":166,"column":8},"end":{"line":168,"column":9}},"type":"if","locations":[{"start":{"line":166,"column":8},"end":{"line":168,"column":9}},{"start":{"line":166,"column":8},"end":{"line":168,"column":9}}],"line":166},"23":{"loc":{"start":{"line":174,"column":4},"end":{"line":176,"column":5}},"type":"if","locations":[{"start":{"line":174,"column":4},"end":{"line":176,"column":5}},{"start":{"line":174,"column":4},"end":{"line":176,"column":5}}],"line":174},"24":{"loc":{"start":{"line":191,"column":8},"end":{"line":193,"column":9}},"type":"if","locations":[{"start":{"line":191,"column":8},"end":{"line":193,"column":9}},{"start":{"line":191,"column":8},"end":{"line":193,"column":9}}],"line":191},"25":{"loc":{"start":{"line":205,"column":8},"end":{"line":207,"column":9}},"type":"if","locations":[{"start":{"line":205,"column":8},"end":{"line":207,"column":9}},{"start":{"line":205,"column":8},"end":{"line":207,"column":9}}],"line":205},"26":{"loc":{"start":{"line":205,"column":12},"end":{"line":205,"column":117}},"type":"binary-expr","locations":[{"start":{"line":205,"column":12},"end":{"line":205,"column":47}},{"start":{"line":205,"column":51},"end":{"line":205,"column":82}},{"start":{"line":205,"column":86},"end":{"line":205,"column":117}}],"line":205},"27":{"loc":{"start":{"line":217,"column":4},"end":{"line":225,"column":5}},"type":"if","locations":[{"start":{"line":217,"column":4},"end":{"line":225,"column":5}},{"start":{"line":217,"column":4},"end":{"line":225,"column":5}}],"line":217},"28":{"loc":{"start":{"line":220,"column":9},"end":{"line":225,"column":5}},"type":"if","locations":[{"start":{"line":220,"column":9},"end":{"line":225,"column":5}},{"start":{"line":220,"column":9},"end":{"line":225,"column":5}}],"line":220},"29":{"loc":{"start":{"line":227,"column":8},"end":{"line":229,"column":9}},"type":"if","locations":[{"start":{"line":227,"column":8},"end":{"line":229,"column":9}},{"start":{"line":227,"column":8},"end":{"line":229,"column":9}}],"line":227},"30":{"loc":{"start":{"line":246,"column":4},"end":{"line":248,"column":5}},"type":"if","locations":[{"start":{"line":246,"column":4},"end":{"line":248,"column":5}},{"start":{"line":246,"column":4},"end":{"line":248,"column":5}}],"line":246},"31":{"loc":{"start":{"line":273,"column":4},"end":{"line":275,"column":5}},"type":"if","locations":[{"start":{"line":273,"column":4},"end":{"line":275,"column":5}},{"start":{"line":273,"column":4},"end":{"line":275,"column":5}}],"line":273},"32":{"loc":{"start":{"line":276,"column":4},"end":{"line":278,"column":5}},"type":"if","locations":[{"start":{"line":276,"column":4},"end":{"line":278,"column":5}},{"start":{"line":276,"column":4},"end":{"line":278,"column":5}}],"line":276},"33":{"loc":{"start":{"line":283,"column":8},"end":{"line":288,"column":9}},"type":"if","locations":[{"start":{"line":283,"column":8},"end":{"line":288,"column":9}},{"start":{"line":283,"column":8},"end":{"line":288,"column":9}}],"line":283},"34":{"loc":{"start":{"line":300,"column":8},"end":{"line":302,"column":9}},"type":"if","locations":[{"start":{"line":300,"column":8},"end":{"line":302,"column":9}},{"start":{"line":300,"column":8},"end":{"line":302,"column":9}}],"line":300},"35":{"loc":{"start":{"line":300,"column":12},"end":{"line":300,"column":54}},"type":"binary-expr","locations":[{"start":{"line":300,"column":12},"end":{"line":300,"column":20}},{"start":{"line":300,"column":24},"end":{"line":300,"column":54}}],"line":300},"36":{"loc":{"start":{"line":350,"column":12},"end":{"line":352,"column":13}},"type":"if","locations":[{"start":{"line":350,"column":12},"end":{"line":352,"column":13}},{"start":{"line":350,"column":12},"end":{"line":352,"column":13}}],"line":350},"37":{"loc":{"start":{"line":361,"column":12},"end":{"line":363,"column":13}},"type":"if","locations":[{"start":{"line":361,"column":12},"end":{"line":363,"column":13}},{"start":{"line":361,"column":12},"end":{"line":363,"column":13}}],"line":361},"38":{"loc":{"start":{"line":372,"column":12},"end":{"line":374,"column":13}},"type":"if","locations":[{"start":{"line":372,"column":12},"end":{"line":374,"column":13}},{"start":{"line":372,"column":12},"end":{"line":374,"column":13}}],"line":372},"39":{"loc":{"start":{"line":385,"column":27},"end":{"line":385,"column":60}},"type":"default-arg","locations":[{"start":{"line":385,"column":43},"end":{"line":385,"column":60}}],"line":385},"40":{"loc":{"start":{"line":395,"column":8},"end":{"line":397,"column":9}},"type":"if","locations":[{"start":{"line":395,"column":8},"end":{"line":397,"column":9}},{"start":{"line":395,"column":8},"end":{"line":397,"column":9}}],"line":395},"41":{"loc":{"start":{"line":395,"column":12},"end":{"line":395,"column":80}},"type":"binary-expr","locations":[{"start":{"line":395,"column":12},"end":{"line":395,"column":34}},{"start":{"line":395,"column":38},"end":{"line":395,"column":46}},{"start":{"line":395,"column":50},"end":{"line":395,"column":80}}],"line":395},"42":{"loc":{"start":{"line":406,"column":27},"end":{"line":406,"column":61}},"type":"default-arg","locations":[{"start":{"line":406,"column":38},"end":{"line":406,"column":61}}],"line":406},"43":{"loc":{"start":{"line":408,"column":8},"end":{"line":410,"column":9}},"type":"if","locations":[{"start":{"line":408,"column":8},"end":{"line":410,"column":9}},{"start":{"line":408,"column":8},"end":{"line":410,"column":9}}],"line":408},"44":{"loc":{"start":{"line":408,"column":12},"end":{"line":408,"column":80}},"type":"binary-expr","locations":[{"start":{"line":408,"column":12},"end":{"line":408,"column":34}},{"start":{"line":408,"column":38},"end":{"line":408,"column":46}},{"start":{"line":408,"column":50},"end":{"line":408,"column":80}}],"line":408},"45":{"loc":{"start":{"line":419,"column":36},"end":{"line":419,"column":64}},"type":"default-arg","locations":[{"start":{"line":419,"column":49},"end":{"line":419,"column":64}}],"line":419},"46":{"loc":{"start":{"line":423,"column":34},"end":{"line":423,"column":60}},"type":"default-arg","locations":[{"start":{"line":423,"column":47},"end":{"line":423,"column":60}}],"line":423},"47":{"loc":{"start":{"line":427,"column":28},"end":{"line":427,"column":51}},"type":"default-arg","locations":[{"start":{"line":427,"column":34},"end":{"line":427,"column":51}}],"line":427},"48":{"loc":{"start":{"line":431,"column":39},"end":{"line":431,"column":55}},"type":"default-arg","locations":[{"start":{"line":431,"column":51},"end":{"line":431,"column":55}}],"line":431},"49":{"loc":{"start":{"line":432,"column":96},"end":{"line":432,"column":164}},"type":"cond-expr","locations":[{"start":{"line":432,"column":108},"end":{"line":432,"column":152}},{"start":{"line":432,"column":155},"end":{"line":432,"column":164}}],"line":432},"50":{"loc":{"start":{"line":454,"column":91},"end":{"line":454,"column":139}},"type":"cond-expr","locations":[{"start":{"line":454,"column":101},"end":{"line":454,"column":121}},{"start":{"line":454,"column":124},"end":{"line":454,"column":139}}],"line":454}},"s":{"0":1,"1":172,"2":172,"3":172,"4":172,"5":166,"6":126,"7":172,"8":0,"9":0,"10":0,"11":1,"12":4,"13":0,"14":1,"15":1,"16":1,"17":0,"18":0,"19":0,"20":0,"21":0,"22":1,"23":1,"24":4,"25":0,"26":4,"27":4,"28":4,"29":4,"30":4,"31":172,"32":172,"33":4,"34":4,"35":1,"36":1,"37":1,"38":1,"39":1,"40":1,"41":1,"42":1,"43":1,"44":1,"45":1,"46":1,"47":1,"48":1,"49":1,"50":1,"51":1,"52":1,"53":1,"54":1,"55":1,"56":1,"57":1,"58":1,"59":1,"60":1,"61":1,"62":1,"63":1,"64":1,"65":1,"66":1,"67":1,"68":1,"69":1,"70":1,"71":1,"72":0,"73":3,"74":0,"75":0,"76":0,"77":0,"78":0,"79":0,"80":0,"81":0,"82":0,"83":0,"84":0,"85":0,"86":0,"87":0,"88":0,"89":0,"90":0,"91":0,"92":0,"93":0,"94":0,"95":0,"96":0,"97":0,"98":0,"99":0,"100":0,"101":0,"102":0,"103":0,"104":0,"105":0,"106":0,"107":0,"108":0,"109":0,"110":0,"111":0,"112":0,"113":0,"114":0,"115":0,"116":0,"117":0,"118":0,"119":0,"120":0,"121":0,"122":0,"123":0,"124":0,"125":0,"126":0,"127":0,"128":0,"129":0,"130":0,"131":0,"132":0,"133":0,"134":1,"135":0,"136":0,"137":0,"138":1,"139":54,"140":54,"141":54,"142":54,"143":54,"144":54,"145":54,"146":54,"147":54,"148":54,"149":54,"150":54,"151":54,"152":54,"153":54,"154":54,"155":54,"156":54,"157":54,"158":1,"159":0,"160":0,"161":0,"162":0,"163":0,"164":0,"165":0,"166":1,"167":0,"168":0,"169":0,"170":0,"171":0,"172":0,"173":0,"174":1,"175":0,"176":0,"177":0,"178":0,"179":0,"180":0,"181":0,"182":0,"183":0,"184":0,"185":0,"186":0,"187":7,"188":6,"189":5,"190":5,"191":5,"192":5,"193":4,"194":4,"195":4,"196":2,"197":2,"198":2,"199":4,"200":1,"201":4,"202":0,"203":0,"204":1,"205":1},"f":{"0":172,"1":126,"2":0,"3":4,"4":0,"5":1,"6":1,"7":0,"8":4,"9":1,"10":0,"11":3,"12":0,"13":0,"14":0,"15":0,"16":0,"17":0,"18":0,"19":0,"20":0,"21":0,"22":0,"23":0,"24":0,"25":0,"26":0,"27":0,"28":0,"29":0,"30":0,"31":0,"32":54,"33":1,"34":0,"35":0,"36":0,"37":0,"38":0,"39":7,"40":6,"41":5,"42":5,"43":4,"44":2,"45":2,"46":2,"47":4,"48":4,"49":0,"50":0,"51":1,"52":1},"b":{"0":[1,1,1],"1":[1,0],"2":[172,0],"3":[166,6],"4":[172,172],"5":[5,167],"6":[167,8],"7":[0,0],"8":[1,1,1],"9":[1,0],"10":[1,1,1],"11":[1,0],"12":[0,0],"13":[0,4],"14":[4,4],"15":[4,0],"16":[172,0],"17":[1,1,1],"18":[0,1],"19":[1,1],"20":[0,1],"21":[0],"22":[0,0],"23":[0,0],"24":[0,0],"25":[0,0],"26":[0,0,0],"27":[0,0],"28":[0,0],"29":[0,0],"30":[0,0],"31":[0,0],"32":[0,0],"33":[0,0],"34":[0,0],"35":[0,0],"36":[0,0],"37":[0,0],"38":[0,0],"39":[3],"40":[5,0],"41":[5,5,5],"42":[4],"43":[4,0],"44":[4,4,4],"45":[0],"46":[0],"47":[0],"48":[0],"49":[3,1],"50":[1,0]},"inputSourceMap":{"version":3,"file":"/home/vscode/project/extensions_src/work-env/src/test-helper.ts","sources":["/home/vscode/project/extensions_src/work-env/src/test-helper.ts"],"names":[],"mappings":";;;;;;;;;;;;;;;;;;;;;;;;;;;;;;;;;;;;;;;AA4EI,oFAAoC;AACpC,sFAAqC;AACrC,kEAA2B;AAC3B,wDAAsB;AACtB,8DAAyB;AACzB,8CAAiB;AACjB,sDAAqB;AAuDzB,sCAGC;AAGD,wCAEC;AAqBD,8CAaC;AAiED,sDAiCC;AAkBD,wDAEC;AAED,kEAEC;AA8BD,gCAsBC;AAGD,kDAyCC;AAGD,8CAMC;AAGD,8CAWC;AAGD,8CAWC;AAGD,gEAEC;AAGD,4DAEC;AAGD,gDAEC;AAGD,sEAIC;AAxcD,uCAAyB;AACzB,2CAA6B;AAC7B,iDAAqC;AACrC,+BAAiC;AACjC,uCAAyB;AACzB,6CAA+B;AAC/B,oDAA4B;AA4B5B,8BAA8B;AAC9B,MAAM,YAAY,GAAoB,OAAO,CAAC,GAAG,CAAC,QAAQ,KAAK,MAAM;IACjE,CAAC,CAAC,OAAO,CAAC,QAAQ,CAAoB;IACtC,CAAC,CAAC;QACE,MAAM,EAAE;YACJ,sBAAsB,EAAE,KAAK,CAAC,IAAI,EAAE;YACpC,gBAAgB,EAAE,KAAK,CAAC,IAAI,EAAE;YAC9B,YAAY,EAAE,KAAK,CAAC,IAAI,EAAE;YAC1B,cAAc,EAAE,KAAK,CAAC,IAAI,EAAE;YAC5B,cAAc,EAAE,IAAI;SACvB;QACD,QAAQ,EAAE;YACN,cAAc,EAAE,KAAK,CAAC,IAAI,EAAE;YAC5B,eAAe,EAAE,KAAK,CAAC,IAAI,EAAE;SAChC;QACD,UAAU,EAAE;YACR,YAAY,EAAE,KAAK,CAAC,IAAI,EAAE;SAC7B;QACD,GAAG,EAAE;YACD,YAAY,EAAE,KAAK,CAAC,IAAI,EAAE;SAC7B;QACD,GAAG,EAAE;YACD,IAAI,EAAE,KAAK,CAAC,IAAI,EAAE;YAClB,KAAK,EAAE,KAAK,CAAC,IAAI,EAAE;SACtB;QACD,gBAAgB,EAAE,EAAE;KACvB,CAAC;AAEN,gBAAgB;AACH,QAAA,MAAM,GAAG,YAAY,CAAC;AASnC,MAAM,WAAW,GAAG,IAAA,gBAAS,EAAC,oBAAI,CAAC,CAAC;AAapC,+BAA+B;AAE/B,6BAA6B;AAChB,QAAA,UAAU,GAAG;IACxB,MAAM,EAAE;QACN,sBAAsB,EAAE,KAAK,CAAC,IAAI,EAAE;QACpC,gBAAgB,EAAE,KAAK,CAAC,IAAI,EAAE;QAC9B,kBAAkB,EAAE,KAAK,CAAC,IAAI,EAAE;QAChC,mBAAmB,EAAE,KAAK,CAAC,IAAI,EAAE,CAAC,OAAO,CAAC;YACxC,UAAU,EAAE,KAAK,CAAC,IAAI,EAAE;YACxB,MAAM,EAAE,KAAK,CAAC,IAAI,EAAE;YACpB,IAAI,EAAE,KAAK,CAAC,IAAI,EAAE;YAClB,OAAO,EAAE,KAAK,CAAC,IAAI,EAAE;SACtB,CAAC;QACF,aAAa,EAAE,KAAK,CAAC,IAAI,EAAE;QAC3B,YAAY,EAAE,KAAK,CAAC,IAAI,EAAE;KAC3B;IACD,QAAQ,EAAE;QACR,eAAe,EAAE,KAAK,CAAC,IAAI,EAAE;QAC7B,cAAc,EAAE,KAAK,CAAC,IAAI,EAAE;KAC7B;IACD,SAAS,EAAE;QACT,gBAAgB,EAAE,KAAK,CAAC,IAAI,EAAE,CAAC,OAAO,CAAC;YACrC,GAAG,EAAE,KAAK,CAAC,IAAI,EAAE;YACjB,MAAM,EAAE,KAAK,CAAC,IAAI,EAAE;SACrB,CAAC;QACF,gBAAgB,EAAE,EAAE;KACrB;IACD,UAAU,EAAE;QACV,YAAY,EAAE,KAAK,CAAC,IAAI,EAAE;KAC3B;IACD,gBAAgB,EAAE;QAChB,OAAO;YACL,aAAa,EAAE,EAAE;YACjB,aAAa,EAAE,sBAAsB;YACrC,WAAW,EAAE;gBACX,GAAG,EAAE,KAAK,CAAC,IAAI,EAAE;gBACjB,MAAM,EAAE,KAAK,CAAC,IAAI,EAAE;aACrB;YACD,cAAc,EAAE;gBACd,GAAG,EAAE,KAAK,CAAC,IAAI,EAAE;gBACjB,MAAM,EAAE,KAAK,CAAC,IAAI,EAAE;aACrB;SACF,CAAC;IACJ,CAAC;CACF,CAAC;AAEF,yBAAyB;AACzB,4BAA4B;AAC5B,4DAA4D;AAE5D,eAAe;AACf,SAAgB,aAAa;IAC3B,iBAAiB;IACjB,KAAK,CAAC,KAAK,EAAE,CAAC;AAChB,CAAC;AAED,oBAAoB;AACpB,SAAgB,cAAc,CAAC,EAAE,GAAG,CAAC;IACnC,OAAO,IAAI,OAAO,CAAC,OAAO,CAAC,EAAE,CAAC,UAAU,CAAC,OAAO,EAAE,EAAE,CAAC,CAAC,CAAC;AACzD,CAAC;AAED,4CAA4C;AAC5C,SAAS,oCAAoC;IACzC,MAAM,SAAS,GAAG,YAAY,CAAC,UAAU,CAAC,YAAY,CAAC,oCAAoC,CAAC,CAAC;IAC7F,OAAO,CAAC,CAAC,SAAS,CAAC;AACvB,CAAC;AAED,mDAAmD;AACnD,SAAS,qCAAqC;IAC1C,MAAM,OAAO,GAAG,gEAAgE,CAAC;IACjF,MAAM,aAAa,GAAG,aAAa,CAAC;IAEpC,YAAY,CAAC,MAAM,CAAC,gBAAgB,CAAC,OAAO,EAAE,aAAa,CAAC,CAAC,IAAI,CAAC,CAAC,SAA6B,EAAE,EAAE;QAChG,IAAI,SAAS,KAAK,aAAa,EAAE,CAAC;YAC9B,YAAY,CAAC,QAAQ,CAAC,cAAc,CAAC,6BAA6B,EAAE,oCAAoC,CAAC,CAAC;QAC9G,CAAC;IACL,CAAC,CAAC,CAAC;AACP,CAAC;AAED,6BAA6B;AACtB,KAAK,UAAU,iBAAiB;IACrC,iBAAiB;IACjB,IAAI,OAAO,CAAC,GAAG,CAAC,QAAQ,KAAK,MAAM,EAAE,CAAC;QACpC,OAAO,IAAI,CAAC;IACd,CAAC;IAED,gBAAgB;IAChB,IAAI,CAAC;QACH,MAAM,WAAW,CAAC,kBAAkB,CAAC,CAAC;QACtC,OAAO,IAAI,CAAC;IACd,CAAC;IAAC,OAAO,KAAK,EAAE,CAAC;QACf,OAAO,KAAK,CAAC;IACf,CAAC;AACH,CAAC;AAED,oCAAoC;AACpC,SAAS,2BAA2B;IAChC,MAAM,OAAO,GAAG,wDAAwD,CAAC;IACzE,MAAM,aAAa,GAAG,WAAW,CAAC;IAElC,YAAY,CAAC,MAAM,CAAC,gBAAgB,CAAC,OAAO,EAAE,aAAa,CAAC,CAAC,IAAI,CAAC,CAAC,SAA6B,EAAE,EAAE;QAChG,IAAI,SAAS,KAAK,aAAa,EAAE,CAAC;YAC9B,YAAY,CAAC,GAAG,CAAC,YAAY,CAAC,YAAY,CAAC,GAAG,CAAC,KAAK,CAAC,qCAAqC,CAAC,CAAC,CAAC;QACjG,CAAC;IACL,CAAC,CAAC,CAAC;AACP,CAAC;AAED,mBAAmB;AACnB,KAAK,UAAU,sBAAsB;IACjC,IAAI,CAAC;QACD,MAAM,WAAW,CAAC,aAAa,CAAC,CAAC;QACjC,OAAO,IAAI,CAAC;IAChB,CAAC;IAAC,OAAO,KAAK,EAAE,CAAC;QACb,8BAA8B;QAC9B,MAAM,YAAY,GAAI,KAAe,CAAC,QAAQ,EAAE,CAAC,WAAW,EAAE,CAAC;QAC/D,IAAI,YAAY,CAAC,QAAQ,CAAC,YAAY,CAAC,IAAI,YAAY,CAAC,QAAQ,CAAC,QAAQ,CAAC,IAAI,YAAY,CAAC,QAAQ,CAAC,QAAQ,CAAC,EAAE,CAAC;YAC5G,OAAO,KAAK,CAAC;QACjB,CAAC;QACD,mDAAmD;QACnD,OAAO,KAAK,CAAC;IACjB,CAAC;AACL,CAAC;AAED,2BAA2B;AAC3B,SAAS,yBAAyB;IAC9B,MAAM,OAAO,GAAG,oBAAoB,CAAC;IACrC,MAAM,UAAU,GAAG,SAAS,CAAC;IAE7B,IAAI,WAAW,GAAG,EAAE,CAAC;IACrB,IAAI,EAAE,CAAC,QAAQ,EAAE,KAAK,OAAO,EAAE,CAAC;QAC5B,WAAW,GAAG,mFAAmF,CAAC;IACtG,CAAC;SAAM,IAAI,EAAE,CAAC,QAAQ,EAAE,KAAK,QAAQ,EAAE,CAAC;QACpC,WAAW,GAAG,wDAAwD,CAAC;IAC3E,CAAC;SAAM,CAAC;QACJ,WAAW,GAAG,sDAAsD,CAAC;IACzE,CAAC;IAED,YAAY,CAAC,MAAM,CAAC,gBAAgB,CAAC,OAAO,EAAE,UAAU,CAAC,CAAC,IAAI,CAAC,CAAC,SAA6B,EAAE,EAAE;QAC7F,IAAI,SAAS,KAAK,UAAU,EAAE,CAAC;YAC3B,YAAY,CAAC,MAAM,CAAC,sBAAsB,CAAC,WAAW,CAAC,CAAC;QAC5D,CAAC;IACL,CAAC,CAAC,CAAC;AACP,CAAC;AAED,SAAS,iBAAiB,CAAC,OAAyB,EAAE,UAAkB;IACpE,MAAM,UAAU,GAAG,IAAI,CAAC,IAAI,CAAC,OAAO,CAAC,YAAY,CAAC,MAAM,EAAE,eAAe,CAAC,CAAC;IAC3E,uBAAuB,CAAC,UAAU,EAAE,UAAU,CAAC,CAAC;AACpD,CAAC;AAED,SAAS,qBAAqB,CAAC,oBAA4B;IACvD,MAAM,SAAS,GAAG,YAAY,CAAC,GAAG,CAAC,IAAI,CAAC,oBAAoB,CAAC,CAAC;IAC9D,YAAY,CAAC,QAAQ,CAAC,cAAc,CAAC,8BAA8B,EAAE,SAAS,CAAC,CAAC,IAAI,CAAC,GAAG,EAAE;IAC1F,CAAC,EAAE,CAAC,KAAY,EAAE,EAAE;QAChB,YAAY,CAAC,MAAM,CAAC,gBAAgB,CAAC,4BAA4B,KAAK,CAAC,OAAO,EAAE,CAAC,CAAC;IACtF,CAAC,CAAC,CAAC;AACP,CAAC;AAED,2CAA2C;AAC3C,SAAgB,qBAAqB,CACnC,WAAmB,EACnB,SAAiB,EACjB,WAAmB;IAEnB,iBAAiB;IACjB,IAAI,OAAO,CAAC,GAAG,CAAC,QAAQ,KAAK,MAAM,EAAE,CAAC;QACpC,OAAO,mDAAmD,CAAC;IAC7D,CAAC;IAED,QAAQ;IACR,MAAM,QAAQ,GAAG;;;;;UAKT,WAAW;UACX,SAAS;;uBAEI,WAAW;;;;;;UAMxB,WAAW;UACX,SAAS;;qBAEE,WAAW;;oBAEZ,CAAC;IAEnB,OAAO,QAAQ,CAAC;AAClB,CAAC;AAED,SAAS,uBAAuB,CAAC,MAAc,EAAE,MAAc;IAC3D,IAAI,CAAC,EAAE,CAAC,UAAU,CAAC,MAAM,CAAC,EAAE,CAAC;QAAA,OAAO;IAAA,CAAC;IACrC,IAAI,CAAC,EAAE,CAAC,UAAU,CAAC,MAAM,CAAC,EAAE,CAAC;QAAA,EAAE,CAAC,SAAS,CAAC,MAAM,EAAE,EAAE,SAAS,EAAE,IAAI,EAAE,CAAC,CAAC;IAAA,CAAC;IAExE,MAAM,KAAK,GAAG,EAAE,CAAC,WAAW,CAAC,MAAM,CAAC,CAAC;IACrC,KAAK,MAAM,IAAI,IAAI,KAAK,EAAE,CAAC;QACvB,MAAM,OAAO,GAAG,IAAI,CAAC,IAAI,CAAC,MAAM,EAAE,IAAI,CAAC,CAAC;QACxC,MAAM,QAAQ,GAAG,IAAI,CAAC,IAAI,CAAC,MAAM,EAAE,IAAI,CAAC,CAAC;QACzC,IAAI,EAAE,CAAC,SAAS,CAAC,OAAO,CAAC,CAAC,WAAW,EAAE,EAAE,CAAC;YACtC,uBAAuB,CAAC,OAAO,EAAE,QAAQ,CAAC,CAAC;QAC/C,CAAC;aAAM,CAAC;YACJ,EAAE,CAAC,YAAY,CAAC,OAAO,EAAE,QAAQ,CAAC,CAAC;QACvC,CAAC;IACL,CAAC;AACL,CAAC;AAED,SAAgB,sBAAsB;IACpC,OAAO,kBAAU,CAAC;AACpB,CAAC;AAEM,KAAK,UAAU,2BAA2B;IAC/C,OAAO,IAAI,CAAC,CAAC,iBAAiB;AAChC,CAAC;AAED,0BAA0B;AACb,QAAA,YAAY,GAAG;IACxB,IAAI,EAAE,KAAK,CAAC,IAAI,EAAE,CAAC,SAAS,CAAC,CAAC,GAAG,EAAE,QAAQ,EAAE,EAAE;QAC3C,IAAI,QAAQ,IAAI,OAAO,QAAQ,KAAK,UAAU,EAAE,CAAC;YAC7C,QAAQ,CAAC,IAAI,EAAE,EAAE,MAAM,EAAE,SAAS,EAAE,MAAM,EAAE,EAAE,EAAE,EAAE,EAAE,CAAC,CAAC;QAC1D,CAAC;QACD,OAAO;YACH,EAAE,EAAE,KAAK,CAAC,IAAI,EAAE;YAChB,MAAM,EAAE,EAAE,EAAE,EAAE,KAAK,CAAC,IAAI,EAAE,EAAE;YAC5B,MAAM,EAAE,EAAE,EAAE,EAAE,KAAK,CAAC,IAAI,EAAE,EAAE;SAC/B,CAAC;IACN,CAAC,CAAC;CACL,CAAC;AAEF,eAAe;AACF,QAAA,MAAM,GAAG;IAClB,UAAU,EAAE,KAAK,CAAC,IAAI,EAAE,CAAC,OAAO,CAAC,IAAI,CAAC;IACtC,SAAS,EAAE,KAAK,CAAC,IAAI,EAAE;IACvB,aAAa,EAAE,KAAK,CAAC,IAAI,EAAE;IAC3B,YAAY,EAAE,KAAK,CAAC,IAAI,EAAE,CAAC,OAAO,CAAC,EAAE,CAAC;IACtC,WAAW,EAAE,KAAK,CAAC,IAAI,EAAE,CAAC,OAAO,CAAC,EAAE,CAAC;IACrC,YAAY,EAAE,KAAK,CAAC,IAAI,EAAE;IAC1B,SAAS,EAAE,KAAK,CAAC,IAAI,EAAE,CAAC,OAAO,CAAC;QAC5B,WAAW,EAAE,KAAK,CAAC,IAAI,EAAE,CAAC,OAAO,CAAC,KAAK,CAAC;KAC3C,CAAC;CACL,CAAC;AAEF,iBAAiB;AACjB,SAAgB,UAAU;IACtB,KAAK,CAAC,YAAY,EAAE,CAAC;IACrB,YAAY,CAAC,MAAM,CAAC,gBAAgB,CAAC,YAAY,EAAE,CAAC;IACpD,YAAY,CAAC,MAAM,CAAC,sBAAsB,CAAC,YAAY,EAAE,CAAC;IAC1D,YAAY,CAAC,MAAM,CAAC,YAAY,CAAC,YAAY,EAAE,CAAC;IAChD,YAAY,CAAC,MAAM,CAAC,cAAc,CAAC,YAAY,EAAE,CAAC;IAClD,YAAY,CAAC,QAAQ,CAAC,eAAe,CAAC,YAAY,EAAE,CAAC;IACrD,YAAY,CAAC,QAAQ,CAAC,cAAc,CAAC,YAAY,EAAE,CAAC;IACpD,YAAY,CAAC,UAAU,CAAC,YAAY,CAAC,YAAY,EAAE,CAAC;IACpD,YAAY,CAAC,GAAG,CAAC,YAAY,CAAC,YAAY,EAAE,CAAC;IAC7C,YAAY,CAAC,GAAG,CAAC,IAAI,CAAC,YAAY,EAAE,CAAC;IACrC,YAAY,CAAC,GAAG,CAAC,KAAK,CAAC,YAAY,EAAE,CAAC;IAEtC,oBAAY,CAAC,IAAI,CAAC,YAAY,EAAE,CAAC;IAEjC,cAAM,CAAC,UAAU,CAAC,YAAY,EAAE,CAAC;IACjC,cAAM,CAAC,SAAS,CAAC,YAAY,EAAE,CAAC;IAChC,cAAM,CAAC,aAAa,CAAC,YAAY,EAAE,CAAC;IACpC,cAAM,CAAC,YAAY,CAAC,YAAY,EAAE,CAAC;IACnC,cAAM,CAAC,WAAW,CAAC,YAAY,EAAE,CAAC;IAClC,cAAM,CAAC,YAAY,CAAC,YAAY,EAAE,CAAC;IACnC,cAAM,CAAC,SAAS,CAAC,YAAY,EAAE,CAAC;AACpC,CAAC;AAED,yBAAyB;AACzB,SAAgB,mBAAmB,CAAC,SAA8B;IAC9D,cAAM,CAAC,UAAU,CAAC,SAAS,CAAC,CAAC,QAAgB,EAAE,EAAE;QAC7C,IAAI,OAAO,GAAG,SAAS,CAAC;QACxB,MAAM,KAAK,GAAG,QAAQ,CAAC,KAAK,CAAC,IAAI,CAAC,GAAG,CAAC,CAAC,MAAM,CAAC,OAAO,CAAC,CAAC;QAEvD,KAAK,MAAM,IAAI,IAAI,KAAK,EAAE,CAAC;YACvB,IAAI,CAAC,OAAO,CAAC,IAAI,CAAC,EAAE,CAAC;gBAAA,OAAO,KAAK,CAAC;YAAA,CAAC;YACnC,OAAO,GAAG,OAAO,CAAC,IAAI,CAAC,CAAC;QAC5B,CAAC;QAED,OAAO,IAAI,CAAC;IAChB,CAAC,CAAC,CAAC;IAEH,cAAM,CAAC,WAAW,CAAC,SAAS,CAAC,CAAC,OAAe,EAAE,EAAE;QAC7C,IAAI,OAAO,GAAG,SAAS,CAAC;QACxB,MAAM,KAAK,GAAG,OAAO,CAAC,KAAK,CAAC,IAAI,CAAC,GAAG,CAAC,CAAC,MAAM,CAAC,OAAO,CAAC,CAAC;QAEtD,KAAK,MAAM,IAAI,IAAI,KAAK,EAAE,CAAC;YACvB,IAAI,CAAC,OAAO,CAAC,IAAI,CAAC,EAAE,CAAC;gBAAA,OAAO,EAAE,CAAC;YAAA,CAAC;YAChC,OAAO,GAAG,OAAO,CAAC,IAAI,CAAC,CAAC;QAC5B,CAAC;QAED,OAAO,MAAM,CAAC,IAAI,CAAC,OAAO,CAAC,CAAC;IAChC,CAAC,CAAC,CAAC;IAEH,cAAM,CAAC,SAAS,CAAC,SAAS,CAAC,CAAC,QAAgB,EAAE,EAAE;QAC5C,IAAI,OAAO,GAAG,SAAS,CAAC;QACxB,MAAM,KAAK,GAAG,QAAQ,CAAC,KAAK,CAAC,IAAI,CAAC,GAAG,CAAC,CAAC,MAAM,CAAC,OAAO,CAAC,CAAC;QAEvD,KAAK,IAAI,CAAC,GAAG,CAAC,EAAE,CAAC,GAAG,KAAK,CAAC,MAAM,GAAG,CAAC,EAAE,CAAC,EAAE,EAAE,CAAC;YACxC,IAAI,CAAC,OAAO,CAAC,KAAK,CAAC,CAAC,CAAC,CAAC,EAAE,CAAC;gBAAA,OAAO,EAAE,WAAW,EAAE,GAAG,EAAE,CAAC,KAAK,EAAE,CAAC;YAAA,CAAC;YAC9D,OAAO,GAAG,OAAO,CAAC,KAAK,CAAC,CAAC,CAAC,CAAC,CAAC;QAChC,CAAC;QAED,MAAM,QAAQ,GAAG,KAAK,CAAC,KAAK,CAAC,MAAM,GAAG,CAAC,CAAC,CAAC;QACzC,MAAM,KAAK,GAAG,OAAO,OAAO,CAAC,QAAQ,CAAC,KAAK,QAAQ,CAAC;QAEpD,OAAO;YACH,WAAW,EAAE,GAAG,EAAE,CAAC,KAAK;SAC3B,CAAC;IACN,CAAC,CAAC,CAAC;AACP,CAAC;AAED,0BAA0B;AAC1B,SAAgB,iBAAiB,CAAC,aAAa,GAAG,iBAAiB;IAC/D,OAAO;QACH,YAAY,EAAE,EAAE,MAAM,EAAE,aAAa,EAAE;QACvC,gBAAgB,EAAE,EAAE,MAAM,EAAE,eAAe,EAAE;QAC7C,aAAa,EAAE,EAAE;KACpB,CAAC;AACN,CAAC;AAED,sBAAsB;AACtB,SAAgB,iBAAiB;IAC7B,oBAAY,CAAC,IAAI,CAAC,SAAS,CAAC,CAAC,GAAG,EAAE,QAAQ,EAAE,EAAE;QAC1C,IAAI,GAAG,CAAC,QAAQ,CAAC,QAAQ,CAAC,IAAI,QAAQ,IAAI,OAAO,QAAQ,KAAK,UAAU,EAAE,CAAC;YACvE,QAAQ,CAAC,IAAI,EAAE,EAAE,MAAM,EAAE,mBAAmB,EAAE,MAAM,EAAE,EAAE,EAAE,EAAE,EAAE,CAAC,CAAC;QACpE,CAAC;QACD,OAAO;YACH,EAAE,EAAE,KAAK,CAAC,IAAI,EAAE;YAChB,MAAM,EAAE,EAAE,EAAE,EAAE,KAAK,CAAC,IAAI,EAAE,EAAE;YAC5B,MAAM,EAAE,EAAE,EAAE,EAAE,KAAK,CAAC,IAAI,EAAE,EAAE;SAC/B,CAAC;IACN,CAAC,CAAC,CAAC;AACP,CAAC;AAED,sBAAsB;AACtB,SAAgB,iBAAiB,CAAC,QAAQ,GAAG,uBAAuB;IAChE,oBAAY,CAAC,IAAI,CAAC,SAAS,CAAC,CAAC,GAAG,EAAE,QAAQ,EAAE,EAAE;QAC1C,IAAI,GAAG,CAAC,QAAQ,CAAC,QAAQ,CAAC,IAAI,QAAQ,IAAI,OAAO,QAAQ,KAAK,UAAU,EAAE,CAAC;YACvE,QAAQ,CAAC,IAAI,KAAK,CAAC,QAAQ,CAAC,EAAE,EAAE,MAAM,EAAE,EAAE,EAAE,MAAM,EAAE,QAAQ,EAAE,EAAE,EAAE,CAAC,CAAC;QACxE,CAAC;QACD,OAAO;YACH,EAAE,EAAE,KAAK,CAAC,IAAI,EAAE;YAChB,MAAM,EAAE,EAAE,EAAE,EAAE,KAAK,CAAC,IAAI,EAAE,EAAE;YAC5B,MAAM,EAAE,EAAE,EAAE,EAAE,KAAK,CAAC,IAAI,EAAE,EAAE;SAC/B,CAAC;IACN,CAAC,CAAC,CAAC;AACP,CAAC;AAED,mBAAmB;AACnB,SAAgB,0BAA0B,CAAC,UAAU,GAAG,eAAe;IACnE,YAAY,CAAC,MAAM,CAAC,cAAc,CAAC,WAAW,EAAE,CAAC,QAAQ,CAAC,CAAC,EAAE,MAAM,EAAE,UAAU,EAAE,CAAC,CAAC,CAAC;AACxF,CAAC;AAED,kBAAkB;AAClB,SAAgB,wBAAwB,CAAC,UAAU,GAAG,aAAa;IAC/D,YAAY,CAAC,MAAM,CAAC,cAAc,CAAC,YAAY,EAAE,CAAC,QAAQ,CAAC,CAAC,EAAE,MAAM,EAAE,UAAU,EAAE,CAAC,CAAC,CAAC;AACzF,CAAC;AAED,mBAAmB;AACnB,SAAgB,kBAAkB,CAAC,GAAG,GAAG,iBAAiB;IACtD,YAAY,CAAC,MAAM,CAAC,YAAY,CAAC,QAAQ,CAAC,GAAG,CAAC,CAAC;AACnD,CAAC;AAED,+BAA+B;AAC/B,SAAgB,6BAA6B,CAAC,SAAS,GAAG,IAAI;IAC1D,YAAY,CAAC,UAAU,CAAC,YAAY,CAAC,QAAQ,CAAC,oCAAoC,CAAC,CAAC,OAAO,CACvF,SAAS,CAAC,CAAC,CAAC,EAAE,EAAE,EAAE,oCAAoC,EAAE,CAAC,CAAC,CAAC,SAAS,CACvE,CAAC;AACN,CAAC;AAED,eAAe;AACF,QAAA,WAAW,GAAG;IACvB,sBAAsB;IACtB,iBAAiB,EAAE,CAAC,OAAe,EAAE,EAAE;QACnC,gBAAM,CAAC,EAAE,CAAC,YAAY,CAAC,MAAM,CAAC,gBAAgB,CAAC,UAAU,CACrD,KAAK,CAAC,KAAK,CAAC,OAAO,CAAC,CACvB,EAAE,kBAAkB,OAAO,iBAAiB,CAAC,CAAC;IACnD,CAAC;IAED,qBAAqB;IACrB,gBAAgB,EAAE,CAAC,OAAe,EAAE,EAAE;QAClC,gBAAM,CAAC,EAAE,CAAC,YAAY,CAAC,MAAM,CAAC,sBAAsB,CAAC,UAAU,CAC3D,KAAK,CAAC,KAAK,CAAC,OAAO,CAAC,CACvB,EAAE,iBAAiB,OAAO,iBAAiB,CAAC,CAAC;IAClD,CAAC;IAED,kBAAkB;IAClB,eAAe,EAAE,CAAC,OAAe,EAAE,GAAG,IAAW,EAAE,EAAE;QACjD,gBAAM,CAAC,EAAE,CAAC,YAAY,CAAC,QAAQ,CAAC,cAAc,CAAC,UAAU,CACrD,OAAO,EAAE,GAAG,IAAI,CACnB,EAAE,YAAY,OAAO,oBAAoB,CAAC,CAAC;IAChD,CAAC;IAED,wBAAwB;IACxB,qBAAqB,EAAE,CAAC,OAAe,EAAE,EAAE;QACvC,gBAAM,CAAC,EAAE,CAAC,oBAAY,CAAC,IAAI,CAAC,UAAU,CAClC,KAAK,CAAC,KAAK,CAAC,OAAO,CAAC,CACvB,EAAE,mBAAmB,OAAO,oBAAoB,CAAC,CAAC;IACvD,CAAC;IAED,kBAAkB;IAClB,WAAW,EAAE,CAAC,QAAgB,EAAE,OAAgB,EAAE,EAAE;QAChD,gBAAM,CAAC,EAAE,CAAC,cAAM,CAAC,aAAa,CAAC,UAAU,CACrC,KAAK,CAAC,KAAK,CAAC,QAAQ,CAAC,EACrB,OAAO,CAAC,CAAC,CAAC,KAAK,CAAC,KAAK,CAAC,OAAO,CAAC,CAAC,CAAC,CAAC,KAAK,CAAC,KAAK,CAAC,GAAG,CACnD,EAAE,SAAS,QAAQ,mBAAmB,CAAC,CAAC;IAC7C,CAAC;CACJ,CAAC","sourcesContent":["import * as fs from 'fs';\nimport * as path from 'path';\nimport { exec } from 'child_process';\nimport { promisify } from 'util';\nimport * as os from 'os';\nimport * as sinon from 'sinon';\nimport assert from 'assert';\n\n// テスト用にvscodeの型定義を提供\ninterface VSCodeNamespace {\n    window: {\n        showInformationMessage: sinon.SinonStub;\n        showErrorMessage: sinon.SinonStub;\n        showInputBox: sinon.SinonStub;\n        showOpenDialog: sinon.SinonStub;\n        activeTerminal: any;\n    };\n    commands: {\n        executeCommand: sinon.SinonStub;\n        registerCommand: sinon.SinonStub;\n    };\n    extensions: {\n        getExtension: sinon.SinonStub;\n    };\n    env: {\n        openExternal: sinon.SinonStub;\n    };\n    Uri: {\n        file: sinon.SinonStub;\n        parse: sinon.SinonStub;\n    };\n    ExtensionContext: any;\n}\n\n// テスト環境でない場合のみ実際のVSCodeをインポート\nconst vscodeModule: VSCodeNamespace = process.env.NODE_ENV !== 'test' \n    ? require('vscode') as VSCodeNamespace\n    : {\n        window: {\n            showInformationMessage: sinon.stub(),\n            showErrorMessage: sinon.stub(),\n            showInputBox: sinon.stub(),\n            showOpenDialog: sinon.stub(),\n            activeTerminal: null\n        },\n        commands: {\n            executeCommand: sinon.stub(),\n            registerCommand: sinon.stub()\n        },\n        extensions: {\n            getExtension: sinon.stub()\n        },\n        env: {\n            openExternal: sinon.stub()\n        },\n        Uri: {\n            file: sinon.stub(),\n            parse: sinon.stub()\n        },\n        ExtensionContext: {}\n    };\n\n// vscodeをエクスポート\nexport const vscode = vscodeModule;\n\n// テスト用の拡張機能コンテキスト型\ninterface ExtensionContext {\n    subscriptions: Array<{ dispose(): any }>;\n    extensionUri: { fsPath: string };\n    globalStorageUri: { fsPath: string };\n}\n\nconst execPromise = promisify(exec);\n\n// エラーハンドリングのテスト用に内部関数を公開\nexport {\n    isRemoteContainersExtensionInstalled,\n    showRemoteContainersNotInstalledError,\n    showDockerNotInstalledError,\n    checkDockerPermissions,\n    showDockerPermissionError,\n    setupDevContainer,\n    openFolderInContainer\n};\n\n// VSCodeモジュールのモックを提供するヘルパーファイル\n\n// VSCodeの基本的なAPIをモックしたオブジェクト\nexport const mockVscode = {\n  window: {\n    showInformationMessage: sinon.stub(),\n    showErrorMessage: sinon.stub(),\n    showWarningMessage: sinon.stub(),\n    createOutputChannel: sinon.stub().returns({\n      appendLine: sinon.stub(),\n      append: sinon.stub(),\n      show: sinon.stub(),\n      dispose: sinon.stub()\n    }),\n    showQuickPick: sinon.stub(),\n    showInputBox: sinon.stub()\n  },\n  commands: {\n    registerCommand: sinon.stub(),\n    executeCommand: sinon.stub()\n  },\n  workspace: {\n    getConfiguration: sinon.stub().returns({\n      get: sinon.stub(),\n      update: sinon.stub()\n    }),\n    workspaceFolders: []\n  },\n  extensions: {\n    getExtension: sinon.stub()\n  },\n  ExtensionContext: function() {\n    return {\n      subscriptions: [],\n      extensionPath: '/mock/extension/path',\n      globalState: {\n        get: sinon.stub(),\n        update: sinon.stub()\n      },\n      workspaceState: {\n        get: sinon.stub(),\n        update: sinon.stub()\n      }\n    };\n  }\n};\n\n// VSCodeモジュールの代わりにモックを設定\n// typescriptではこの実装方法は少し違います\n// jest.mock('vscode', () => mockVscode, { virtual: true });\n\n// テストユーティリティ関数\nexport function resetAllMocks() {\n  // すべてのモック関数をリセット\n  sinon.reset();\n}\n\n// 非同期処理のテスト用ユーティリティ\nexport function waitForPromise(ms = 0) {\n  return new Promise(resolve => setTimeout(resolve, ms));\n}\n\n// Remote Containers拡張機能がインストールされているかを確認する関数\nfunction isRemoteContainersExtensionInstalled(): boolean {\n    const extension = vscodeModule.extensions.getExtension('ms-vscode-remote.remote-containers');\n    return !!extension;\n}\n\n// Remote Containers拡張機能がインストールされていない場合のエラーメッセージを表示\nfunction showRemoteContainersNotInstalledError() {\n    const message = 'Remote Containers拡張機能がインストールされていません。この拡張機能を使用する前にインストールしてください。';\n    const installButton = '拡張機能をインストール';\n    \n    vscodeModule.window.showErrorMessage(message, installButton).then((selection: string | undefined) => {\n        if (selection === installButton) {\n            vscodeModule.commands.executeCommand('workbench.extensions.search', 'ms-vscode-remote.remote-containers');\n        }\n    });\n}\n\n// Dockerがインストールされているかを確認する関数\nexport async function isDockerInstalled(): Promise<boolean> {\n  // テスト中は常にtrueを返す\n  if (process.env.NODE_ENV === 'test') {\n    return true;\n  }\n  \n  // 実際の実装（テスト対象外）\n  try {\n    await execPromise('docker --version');\n    return true;\n  } catch (error) {\n    return false;\n  }\n}\n\n// Dockerがインストールされていない場合のエラーメッセージを表示\nfunction showDockerNotInstalledError() {\n    const message = 'Dockerがインストールされていません。この拡張機能を使用する前にDockerをインストールしてください。';\n    const installButton = 'インストールガイド';\n    \n    vscodeModule.window.showErrorMessage(message, installButton).then((selection: string | undefined) => {\n        if (selection === installButton) {\n            vscodeModule.env.openExternal(vscodeModule.Uri.parse('https://docs.docker.com/get-docker/'));\n        }\n    });\n}\n\n// Dockerの権限を確認する関数\nasync function checkDockerPermissions(): Promise<boolean> {\n    try {\n        await execPromise('docker info');\n        return true;\n    } catch (error) {\n        // エラーメッセージに権限関連の文字列が含まれているか確認\n        const errorMessage = (error as Error).toString().toLowerCase();\n        if (errorMessage.includes('permission') || errorMessage.includes('denied') || errorMessage.includes('access')) {\n            return false;\n        }\n        // 他のエラーの場合はDockerの問題ではない可能性があるため、インストールされていない扱いにする\n        return false;\n    }\n}\n\n// Dockerの権限エラーの場合のメッセージを表示\nfunction showDockerPermissionError() {\n    const message = 'Dockerの実行権限がありません。';\n    const helpButton = '対処方法を確認';\n    \n    let helpMessage = '';\n    if (os.platform() === 'linux') {\n        helpMessage = 'ユーザーをdockerグループに追加してください: sudo usermod -aG docker $USER\\nその後、ログアウトして再度ログインしてください。';\n    } else if (os.platform() === 'darwin') {\n        helpMessage = 'macOSでDockerの権限エラーが発生した場合は、Docker Desktopを再起動してみてください。';\n    } else {\n        helpMessage = 'Dockerの実行権限を確認してください。管理者権限で実行するか、適切なユーザー権限を設定してください。';\n    }\n    \n    vscodeModule.window.showErrorMessage(message, helpButton).then((selection: string | undefined) => {\n        if (selection === helpButton) {\n            vscodeModule.window.showInformationMessage(helpMessage);\n        }\n    });\n}\n\nfunction setupDevContainer(context: ExtensionContext, targetPath: string) {\n    const sourcePath = path.join(context.extensionUri.fsPath, \".devcontainer\");\n    copyFolderRecursiveSync(sourcePath, targetPath);\n}\n\nfunction openFolderInContainer(extensionStoragePath: string) {\n    const folderUri = vscodeModule.Uri.file(extensionStoragePath);\n    vscodeModule.commands.executeCommand(\"remote-containers.openFolder\", folderUri).then(() => {\n    }, (error: Error) => {\n        vscodeModule.window.showErrorMessage(`コンテナでフォルダを開くことができませんでした: ${error.message}`);\n    });\n}\n\n// Docker Composeテンプレートを生成する関数 (テスト用シンプル実装)\nexport function generateDockerCompose(\n  projectPath: string,\n  cachePath: string,\n  githubToken: string\n): string {\n  // テスト中は簡易な文字列を返す\n  if (process.env.NODE_ENV === 'test') {\n    return 'version: \"3\"\\nservices:\\n  test:\\n    image: test';\n  }\n  \n  // 実際の実装\n  const template = `version: \"3\"\nservices:\n  jupyter:\n    image: jupyter/datascience-notebook\n    volumes:\n      - ${projectPath}:/home/jovyan/work\n      - ${cachePath}:/home/jovyan/.cache\n    environment:\n      - GITHUB_TOKEN=${githubToken}\n    ports:\n      - \"8888:8888\"\n  rstudio:\n    image: rocker/tidyverse\n    volumes:\n      - ${projectPath}:/home/rstudio/work\n      - ${cachePath}:/home/rstudio/.cache\n    environment:\n      - GITHUB_PAT=${githubToken}\n    ports:\n      - \"8787:8787\"`;\n      \n  return template;\n}\n\nfunction copyFolderRecursiveSync(source: string, target: string) {\n    if (!fs.existsSync(source)) {return;}\n    if (!fs.existsSync(target)) {fs.mkdirSync(target, { recursive: true });}\n\n    const files = fs.readdirSync(source);\n    for (const file of files) {\n        const srcPath = path.join(source, file);\n        const destPath = path.join(target, file);\n        if (fs.lstatSync(srcPath).isDirectory()) {\n            copyFolderRecursiveSync(srcPath, destPath);\n        } else {\n            fs.copyFileSync(srcPath, destPath);\n        }\n    }\n}\n\nexport function createMockVscodeModule() {\n  return mockVscode;\n}\n\nexport async function isRemoteContainersInstalled(): Promise<boolean> {\n  return true; // テスト中は常にtrueを返す\n}\n\n// child_processモジュールのモック化\nexport const childProcess = {\n    exec: sinon.stub().callsFake((cmd, callback) => {\n        if (callback && typeof callback === 'function') {\n            callback(null, { stdout: 'success', stderr: '' }, '');\n        }\n        return {\n            on: sinon.stub(),\n            stdout: { on: sinon.stub() },\n            stderr: { on: sinon.stub() }\n        };\n    })\n};\n\n// fsモジュールのモック化\nexport const fsMock = {\n    existsSync: sinon.stub().returns(true),\n    mkdirSync: sinon.stub(),\n    writeFileSync: sinon.stub(),\n    readFileSync: sinon.stub().returns(''),\n    readdirSync: sinon.stub().returns([]),\n    copyFileSync: sinon.stub(),\n    lstatSync: sinon.stub().returns({ \n        isDirectory: sinon.stub().returns(false)\n    })\n};\n\n// モック状態をリセットする関数\nexport function resetMocks() {\n    sinon.resetHistory();\n    vscodeModule.window.showErrorMessage.resetHistory();\n    vscodeModule.window.showInformationMessage.resetHistory();\n    vscodeModule.window.showInputBox.resetHistory();\n    vscodeModule.window.showOpenDialog.resetHistory();\n    vscodeModule.commands.registerCommand.resetHistory();\n    vscodeModule.commands.executeCommand.resetHistory();\n    vscodeModule.extensions.getExtension.resetHistory();\n    vscodeModule.env.openExternal.resetHistory();\n    vscodeModule.Uri.file.resetHistory();\n    vscodeModule.Uri.parse.resetHistory();\n    \n    childProcess.exec.resetHistory();\n    \n    fsMock.existsSync.resetHistory();\n    fsMock.mkdirSync.resetHistory();\n    fsMock.writeFileSync.resetHistory();\n    fsMock.readFileSync.resetHistory();\n    fsMock.readdirSync.resetHistory();\n    fsMock.copyFileSync.resetHistory();\n    fsMock.lstatSync.resetHistory();\n}\n\n// ダミーファイルシステムをセットアップする関数\nexport function setupMockFileSystem(structure: Record<string, any>) {\n    fsMock.existsSync.callsFake((filePath: string) => {\n        let current = structure;\n        const parts = filePath.split(path.sep).filter(Boolean);\n        \n        for (const part of parts) {\n            if (!current[part]) {return false;}\n            current = current[part];\n        }\n        \n        return true;\n    });\n    \n    fsMock.readdirSync.callsFake((dirPath: string) => {\n        let current = structure;\n        const parts = dirPath.split(path.sep).filter(Boolean);\n        \n        for (const part of parts) {\n            if (!current[part]) {return [];}\n            current = current[part];\n        }\n        \n        return Object.keys(current);\n    });\n    \n    fsMock.lstatSync.callsFake((filePath: string) => {\n        let current = structure;\n        const parts = filePath.split(path.sep).filter(Boolean);\n        \n        for (let i = 0; i < parts.length - 1; i++) {\n            if (!current[parts[i]]) {return { isDirectory: () => false };}\n            current = current[parts[i]];\n        }\n        \n        const lastPart = parts[parts.length - 1];\n        const isDir = typeof current[lastPart] === 'object';\n        \n        return {\n            isDirectory: () => isDir\n        };\n    });\n}\n\n// VSCodeのモックコンテキストを作成する関数\nexport function createMockContext(extensionPath = '/extension/path') {\n    return {\n        extensionUri: { fsPath: extensionPath },\n        globalStorageUri: { fsPath: '/storage/path' },\n        subscriptions: []\n    };\n}\n\n// Dockerコマンドの成功をモックする\nexport function mockDockerSuccess() {\n    childProcess.exec.callsFake((cmd, callback) => {\n        if (cmd.includes('docker') && callback && typeof callback === 'function') {\n            callback(null, { stdout: 'Docker is running', stderr: '' }, '');\n        }\n        return {\n            on: sinon.stub(),\n            stdout: { on: sinon.stub() },\n            stderr: { on: sinon.stub() }\n        };\n    });\n}\n\n// Dockerコマンドの失敗をモックする\nexport function mockDockerFailure(errorMsg = 'Docker command failed') {\n    childProcess.exec.callsFake((cmd, callback) => {\n        if (cmd.includes('docker') && callback && typeof callback === 'function') {\n            callback(new Error(errorMsg), { stdout: '', stderr: errorMsg }, '');\n        }\n        return {\n            on: sinon.stub(),\n            stdout: { on: sinon.stub() },\n            stderr: { on: sinon.stub() }\n        };\n    });\n}\n\n// プロジェクトフォルダ選択のモック\nexport function mockProjectFolderSelection(folderPath = '/test/project') {\n    vscodeModule.window.showOpenDialog.onFirstCall().resolves([{ fsPath: folderPath }]);\n}\n\n// キャッシュフォルダ選択のモック\nexport function mockCacheFolderSelection(folderPath = '/test/cache') {\n    vscodeModule.window.showOpenDialog.onSecondCall().resolves([{ fsPath: folderPath }]);\n}\n\n// GitHub PATの入力モック\nexport function mockGitHubPatInput(pat = 'fake-github-pat') {\n    vscodeModule.window.showInputBox.resolves(pat);\n}\n\n// Remote Containers拡張機能の有無をモック\nexport function mockRemoteContainersExtension(installed = true) {\n    vscodeModule.extensions.getExtension.withArgs('ms-vscode-remote.remote-containers').returns(\n        installed ? { id: 'ms-vscode-remote.remote-containers' } : undefined\n    );\n}\n\n// アサーション用のヘルパー\nexport const expectation = {\n    // エラーメッセージが表示されたことを確認\n    errorMessageShown: (message: string) => {\n        assert.ok(vscodeModule.window.showErrorMessage.calledWith(\n            sinon.match(message)\n        ), `Error message \"${message}\" was not shown`);\n    },\n    \n    // 情報メッセージが表示されたことを確認\n    infoMessageShown: (message: string) => {\n        assert.ok(vscodeModule.window.showInformationMessage.calledWith(\n            sinon.match(message)\n        ), `Info message \"${message}\" was not shown`);\n    },\n    \n    // コマンドが実行されたことを確認\n    commandExecuted: (command: string, ...args: any[]) => {\n        assert.ok(vscodeModule.commands.executeCommand.calledWith(\n            command, ...args\n        ), `Command \"${command}\" was not executed`);\n    },\n    \n    // Dockerコマンドが実行されたことを確認\n    dockerCommandExecuted: (command: string) => {\n        assert.ok(childProcess.exec.calledWith(\n            sinon.match(command)\n        ), `Docker command \"${command}\" was not executed`);\n    },\n    \n    // ファイルが作成されたことを確認\n    fileCreated: (filePath: string, content?: string) => {\n        assert.ok(fsMock.writeFileSync.calledWith(\n            sinon.match(filePath),\n            content ? sinon.match(content) : sinon.match.any\n        ), `File \"${filePath}\" was not created`);\n    }\n};"]},"_coverageSchema":"1a1c01bbd47fc00a2c39e90264f33305004495a9","hash":"4ac87d28815aec84c75935be678fa85678c37352"},"/home/vscode/project/extensions_src/work-env/src/error-handlers.ts":{"path":"/home/vscode/project/extensions_src/work-env/src/error-handlers.ts","statementMap":{"0":{"start":{"line":2,"column":0},"end":{"line":2,"column":62}},"1":{"start":{"line":3,"column":0},"end":{"line":3,"column":23}},"2":{"start":{"line":4,"column":0},"end":{"line":4,"column":46}},"3":{"start":{"line":5,"column":0},"end":{"line":5,"column":38}},"4":{"start":{"line":6,"column":0},"end":{"line":6,"column":46}},"5":{"start":{"line":7,"column":0},"end":{"line":7,"column":38}},"6":{"start":{"line":8,"column":0},"end":{"line":8,"column":60}},"7":{"start":{"line":9,"column":0},"end":{"line":9,"column":54}},"8":{"start":{"line":10,"column":0},"end":{"line":10,"column":48}},"9":{"start":{"line":13,"column":0},"end":{"line":24,"column":1}},"10":{"start":{"line":14,"column":4},"end":{"line":14,"column":31}},"11":{"start":{"line":18,"column":4},"end":{"line":23,"column":6}},"12":{"start":{"line":20,"column":42},"end":{"line":20,"column":68}},"13":{"start":{"line":21,"column":36},"end":{"line":21,"column":62}},"14":{"start":{"line":26,"column":0},"end":{"line":32,"column":2}},"15":{"start":{"line":28,"column":8},"end":{"line":30,"column":9}},"16":{"start":{"line":29,"column":12},"end":{"line":29,"column":26}},"17":{"start":{"line":39,"column":4},"end":{"line":41,"column":5}},"18":{"start":{"line":40,"column":8},"end":{"line":40,"column":24}},"19":{"start":{"line":42,"column":4},"end":{"line":44,"column":5}},"20":{"start":{"line":43,"column":8},"end":{"line":43,"column":21}},"21":{"start":{"line":46,"column":4},"end":{"line":48,"column":5}},"22":{"start":{"line":47,"column":8},"end":{"line":47,"column":29}},"23":{"start":{"line":50,"column":4},"end":{"line":55,"column":5}},"24":{"start":{"line":51,"column":8},"end":{"line":53,"column":9}},"25":{"start":{"line":52,"column":12},"end":{"line":52,"column":56}},"26":{"start":{"line":54,"column":8},"end":{"line":54,"column":29}},"27":{"start":{"line":57,"column":4},"end":{"line":62,"column":5}},"28":{"start":{"line":58,"column":8},"end":{"line":58,"column":37}},"29":{"start":{"line":61,"column":8},"end":{"line":61,"column":24}},"30":{"start":{"line":70,"column":20},"end":{"line":70,"column":58}},"31":{"start":{"line":71,"column":4},"end":{"line":74,"column":34}},"32":{"start":{"line":81,"column":20},"end":{"line":81,"column":58}},"33":{"start":{"line":82,"column":4},"end":{"line":94,"column":5}},"34":{"start":{"line":84,"column":8},"end":{"line":84,"column":85}},"35":{"start":{"line":86,"column":9},"end":{"line":94,"column":5}},"36":{"start":{"line":87,"column":8},"end":{"line":87,"column":98}},"37":{"start":{"line":89,"column":9},"end":{"line":94,"column":5}},"38":{"start":{"line":90,"column":8},"end":{"line":90,"column":87}},"39":{"start":{"line":93,"column":8},"end":{"line":93,"column":80}},"40":{"start":{"line":102,"column":4},"end":{"line":104,"column":5}},"41":{"start":{"line":103,"column":8},"end":{"line":103,"column":28}},"42":{"start":{"line":105,"column":4},"end":{"line":105,"column":16}},"43":{"start":{"line":112,"column":20},"end":{"line":112,"column":58}},"44":{"start":{"line":113,"column":4},"end":{"line":121,"column":5}},"45":{"start":{"line":114,"column":8},"end":{"line":114,"column":102}},"46":{"start":{"line":116,"column":9},"end":{"line":121,"column":5}},"47":{"start":{"line":117,"column":8},"end":{"line":117,"column":86}},"48":{"start":{"line":120,"column":8},"end":{"line":120,"column":88}},"49":{"start":{"line":128,"column":20},"end":{"line":128,"column":58}},"50":{"start":{"line":129,"column":4},"end":{"line":140,"column":5}},"51":{"start":{"line":130,"column":8},"end":{"line":130,"column":94}},"52":{"start":{"line":132,"column":9},"end":{"line":140,"column":5}},"53":{"start":{"line":133,"column":8},"end":{"line":133,"column":77}},"54":{"start":{"line":135,"column":9},"end":{"line":140,"column":5}},"55":{"start":{"line":136,"column":8},"end":{"line":136,"column":66}},"56":{"start":{"line":139,"column":8},"end":{"line":139,"column":73}},"57":{"start":{"line":147,"column":20},"end":{"line":147,"column":58}},"58":{"start":{"line":148,"column":4},"end":{"line":156,"column":5}},"59":{"start":{"line":149,"column":8},"end":{"line":149,"column":82}},"60":{"start":{"line":151,"column":9},"end":{"line":156,"column":5}},"61":{"start":{"line":152,"column":8},"end":{"line":152,"column":81}},"62":{"start":{"line":155,"column":8},"end":{"line":155,"column":71}}},"fnMap":{"0":{"name":"(anonymous_0)","decl":{"start":{"line":20,"column":36},"end":{"line":20,"column":37}},"loc":{"start":{"line":20,"column":42},"end":{"line":20,"column":68}},"line":20},"1":{"name":"(anonymous_1)","decl":{"start":{"line":21,"column":30},"end":{"line":21,"column":31}},"loc":{"start":{"line":21,"column":36},"end":{"line":21,"column":62}},"line":21},"2":{"name":"(anonymous_2)","decl":{"start":{"line":27,"column":19},"end":{"line":27,"column":20}},"loc":{"start":{"line":27,"column":29},"end":{"line":31,"column":5}},"line":27},"3":{"name":"parseErrorMessage","decl":{"start":{"line":38,"column":9},"end":{"line":38,"column":26}},"loc":{"start":{"line":38,"column":34},"end":{"line":63,"column":1}},"line":38},"4":{"name":"isDockerError","decl":{"start":{"line":69,"column":9},"end":{"line":69,"column":22}},"loc":{"start":{"line":69,"column":30},"end":{"line":75,"column":1}},"line":69},"5":{"name":"handleDockerError","decl":{"start":{"line":80,"column":9},"end":{"line":80,"column":26}},"loc":{"start":{"line":80,"column":34},"end":{"line":95,"column":1}},"line":80},"6":{"name":"validateInput","decl":{"start":{"line":101,"column":9},"end":{"line":101,"column":22}},"loc":{"start":{"line":101,"column":30},"end":{"line":106,"column":1}},"line":101},"7":{"name":"handleDockerComposeError","decl":{"start":{"line":111,"column":9},"end":{"line":111,"column":33}},"loc":{"start":{"line":111,"column":41},"end":{"line":122,"column":1}},"line":111},"8":{"name":"handleFileSystemError","decl":{"start":{"line":127,"column":9},"end":{"line":127,"column":30}},"loc":{"start":{"line":127,"column":38},"end":{"line":141,"column":1}},"line":127},"9":{"name":"handleNetworkError","decl":{"start":{"line":146,"column":9},"end":{"line":146,"column":27}},"loc":{"start":{"line":146,"column":35},"end":{"line":157,"column":1}},"line":146}},"branchMap":{"0":{"loc":{"start":{"line":13,"column":0},"end":{"line":24,"column":1}},"type":"if","locations":[{"start":{"line":13,"column":0},"end":{"line":24,"column":1}},{"start":{"line":13,"column":0},"end":{"line":24,"column":1}}],"line":13},"1":{"loc":{"start":{"line":28,"column":8},"end":{"line":30,"column":9}},"type":"if","locations":[{"start":{"line":28,"column":8},"end":{"line":30,"column":9}},{"start":{"line":28,"column":8},"end":{"line":30,"column":9}}],"line":28},"2":{"loc":{"start":{"line":39,"column":4},"end":{"line":41,"column":5}},"type":"if","locations":[{"start":{"line":39,"column":4},"end":{"line":41,"column":5}},{"start":{"line":39,"column":4},"end":{"line":41,"column":5}}],"line":39},"3":{"loc":{"start":{"line":39,"column":8},"end":{"line":39,"column":45}},"type":"binary-expr","locations":[{"start":{"line":39,"column":8},"end":{"line":39,"column":27}},{"start":{"line":39,"column":31},"end":{"line":39,"column":45}}],"line":39},"4":{"loc":{"start":{"line":42,"column":4},"end":{"line":44,"column":5}},"type":"if","locations":[{"start":{"line":42,"column":4},"end":{"line":44,"column":5}},{"start":{"line":42,"column":4},"end":{"line":44,"column":5}}],"line":42},"5":{"loc":{"start":{"line":46,"column":4},"end":{"line":48,"column":5}},"type":"if","locations":[{"start":{"line":46,"column":4},"end":{"line":48,"column":5}},{"start":{"line":46,"column":4},"end":{"line":48,"column":5}}],"line":46},"6":{"loc":{"start":{"line":50,"column":4},"end":{"line":55,"column":5}},"type":"if","locations":[{"start":{"line":50,"column":4},"end":{"line":55,"column":5}},{"start":{"line":50,"column":4},"end":{"line":55,"column":5}}],"line":50},"7":{"loc":{"start":{"line":51,"column":8},"end":{"line":53,"column":9}},"type":"if","locations":[{"start":{"line":51,"column":8},"end":{"line":53,"column":9}},{"start":{"line":51,"column":8},"end":{"line":53,"column":9}}],"line":51},"8":{"loc":{"start":{"line":71,"column":11},"end":{"line":74,"column":33}},"type":"binary-expr","locations":[{"start":{"line":71,"column":11},"end":{"line":71,"column":37}},{"start":{"line":72,"column":8},"end":{"line":72,"column":34}},{"start":{"line":73,"column":8},"end":{"line":73,"column":37}},{"start":{"line":74,"column":8},"end":{"line":74,"column":33}}],"line":71},"9":{"loc":{"start":{"line":82,"column":4},"end":{"line":94,"column":5}},"type":"if","locations":[{"start":{"line":82,"column":4},"end":{"line":94,"column":5}},{"start":{"line":82,"column":4},"end":{"line":94,"column":5}}],"line":82},"10":{"loc":{"start":{"line":82,"column":8},"end":{"line":83,"column":49}},"type":"binary-expr","locations":[{"start":{"line":82,"column":8},"end":{"line":82,"column":63}},{"start":{"line":83,"column":8},"end":{"line":83,"column":49}}],"line":82},"11":{"loc":{"start":{"line":86,"column":9},"end":{"line":94,"column":5}},"type":"if","locations":[{"start":{"line":86,"column":9},"end":{"line":94,"column":5}},{"start":{"line":86,"column":9},"end":{"line":94,"column":5}}],"line":86},"12":{"loc":{"start":{"line":89,"column":9},"end":{"line":94,"column":5}},"type":"if","locations":[{"start":{"line":89,"column":9},"end":{"line":94,"column":5}},{"start":{"line":89,"column":9},"end":{"line":94,"column":5}}],"line":89},"13":{"loc":{"start":{"line":102,"column":4},"end":{"line":104,"column":5}},"type":"if","locations":[{"start":{"line":102,"column":4},"end":{"line":104,"column":5}},{"start":{"line":102,"column":4},"end":{"line":104,"column":5}}],"line":102},"14":{"loc":{"start":{"line":102,"column":8},"end":{"line":102,"column":37}},"type":"binary-expr","locations":[{"start":{"line":102,"column":8},"end":{"line":102,"column":14}},{"start":{"line":102,"column":18},"end":{"line":102,"column":37}}],"line":102},"15":{"loc":{"start":{"line":113,"column":4},"end":{"line":121,"column":5}},"type":"if","locations":[{"start":{"line":113,"column":4},"end":{"line":121,"column":5}},{"start":{"line":113,"column":4},"end":{"line":121,"column":5}}],"line":113},"16":{"loc":{"start":{"line":116,"column":9},"end":{"line":121,"column":5}},"type":"if","locations":[{"start":{"line":116,"column":9},"end":{"line":121,"column":5}},{"start":{"line":116,"column":9},"end":{"line":121,"column":5}}],"line":116},"17":{"loc":{"start":{"line":129,"column":4},"end":{"line":140,"column":5}},"type":"if","locations":[{"start":{"line":129,"column":4},"end":{"line":140,"column":5}},{"start":{"line":129,"column":4},"end":{"line":140,"column":5}}],"line":129},"18":{"loc":{"start":{"line":132,"column":9},"end":{"line":140,"column":5}},"type":"if","locations":[{"start":{"line":132,"column":9},"end":{"line":140,"column":5}},{"start":{"line":132,"column":9},"end":{"line":140,"column":5}}],"line":132},"19":{"loc":{"start":{"line":132,"column":13},"end":{"line":132,"column":78}},"type":"binary-expr","locations":[{"start":{"line":132,"column":13},"end":{"line":132,"column":45}},{"start":{"line":132,"column":49},"end":{"line":132,"column":78}}],"line":132},"20":{"loc":{"start":{"line":135,"column":9},"end":{"line":140,"column":5}},"type":"if","locations":[{"start":{"line":135,"column":9},"end":{"line":140,"column":5}},{"start":{"line":135,"column":9},"end":{"line":140,"column":5}}],"line":135},"21":{"loc":{"start":{"line":148,"column":4},"end":{"line":156,"column":5}},"type":"if","locations":[{"start":{"line":148,"column":4},"end":{"line":156,"column":5}},{"start":{"line":148,"column":4},"end":{"line":156,"column":5}}],"line":148},"22":{"loc":{"start":{"line":148,"column":8},"end":{"line":148,"column":68}},"type":"binary-expr","locations":[{"start":{"line":148,"column":8},"end":{"line":148,"column":35}},{"start":{"line":148,"column":39},"end":{"line":148,"column":68}}],"line":148},"23":{"loc":{"start":{"line":151,"column":9},"end":{"line":156,"column":5}},"type":"if","locations":[{"start":{"line":151,"column":9},"end":{"line":156,"column":5}},{"start":{"line":151,"column":9},"end":{"line":156,"column":5}}],"
[...]
C,IAAI,CAAC,EAAE,CAAC,kBAAkB,IAAI,GAAG,CAAC,CAAC,IAAI,CAAC,GAAG,CAAC,CAAC;QAC/E,MAAM,WAAW,CAAC,gCAAgC,SAAS,GAAG,CAAC,CAAC;QAChE,OAAO,IAAI,CAAC;IAChB,CAAC;IAAC,OAAO,KAAK,EAAE,CAAC;QACb,6BAA6B;QAC7B,OAAO,IAAI,CAAC;IAChB,CAAC;AACL,CAAC;AAED,4CAA4C;AAC5C,SAAgB,oCAAoC;IAChD,MAAM,SAAS,GAAG,MAAM,CAAC,UAAU,CAAC,YAAY,CAAC,oCAAoC,CAAC,CAAC;IACvF,OAAO,CAAC,CAAC,SAAS,CAAC;AACvB,CAAC;AAED,mDAAmD;AACnD,SAAgB,qCAAqC;IACjD,MAAM,OAAO,GAAG,gEAAgE,CAAC;IACjF,MAAM,aAAa,GAAG,aAAa,CAAC;IAEpC,MAAM,CAAC,MAAM,CAAC,gBAAgB,CAAC,OAAO,EAAE,aAAa,CAAC,CAAC,IAAI,CAAC,SAAS,CAAC,EAAE;QACpE,IAAI,SAAS,KAAK,aAAa,EAAE,CAAC;YAC9B,MAAM,CAAC,QAAQ,CAAC,cAAc,CAAC,6BAA6B,EAAE,oCAAoC,CAAC,CAAC;QACxG,CAAC;IACL,CAAC,CAAC,CAAC;AACP,CAAC;AAED,6BAA6B;AACtB,KAAK,UAAU,iBAAiB;IACnC,IAAI,CAAC;QACD,MAAM,WAAW,CAAC,kBAAkB,CAAC,CAAC;QACtC,OAAO,IAAI,CAAC;IAChB,CAAC;IAAC,OAAO,KAAK,EAAE,CAAC;QACb,OAAO,KAAK,CAAC;IACjB,CAAC;AACL,CAAC;AAED,oCAAoC;AACpC,SAAgB,2BAA2B;IACvC,MAAM,OAAO,GAAG,wDAAwD,CAAC;IACzE,MAAM,aAAa,GAAG,WAAW,CAAC;IAElC,MAAM,CAAC,MAAM,CAAC,gBAAgB,CAAC,OAAO,EAAE,aAAa,CAAC,CAAC,IAAI,CAAC,SAAS,CAAC,EAAE;QACpE,IAAI,SAAS,KAAK,aAAa,EAAE,CAAC;YAC9B,MAAM,CAAC,GAAG,CAAC,YAAY,CAAC,MAAM,CAAC,GAAG,CAAC,KAAK,CAAC,qCAAqC,CAAC,CAAC,CAAC;QACrF,CAAC;IACL,CAAC,CAAC,CAAC;AACP,CAAC;AAED,mBAAmB;AACZ,KAAK,UAAU,sBAAsB;IACxC,IAAI,CAAC;QACD,MAAM,WAAW,CAAC,aAAa,CAAC,CAAC;QACjC,OAAO,IAAI,CAAC;IAChB,CAAC;IAAC,OAAO,KAAK,EAAE,CAAC;QACb,8BAA8B;QAC9B,MAAM,YAAY,GAAG,KAAK,CAAC,CAAC,CAAE,KAAe,CAAC,QAAQ,EAAE,CAAC,WAAW,EAAE,CAAC,CAAC,CAAC,EAAE,CAAC;QAC5E,IAAI,YAAY,CAAC,QAAQ,CAAC,YAAY,CAAC,IAAI,YAAY,CAAC,QAAQ,CAAC,QAAQ,CAAC,IAAI,YAAY,CAAC,QAAQ,CAAC,QAAQ,CAAC,EAAE,CAAC;YAC5G,OAAO,KAAK,CAAC;QACjB,CAAC;QACD,mDAAmD;QACnD,OAAO,KAAK,CAAC;IACjB,CAAC;AACL,CAAC;AAED,2BAA2B;AAC3B,SAAgB,yBAAyB;IACrC,MAAM,OAAO,GAAG,oBAAoB,CAAC;IACrC,MAAM,UAAU,GAAG,SAAS,CAAC;IAE7B,IAAI,WAAW,GAAG,EAAE,CAAC;IACrB,IAAI,EAAE,CAAC,QAAQ,EAAE,KAAK,OAAO,EAAE,CAAC;QAC5B,WAAW,GAAG,mFAAmF,CAAC;IACtG,CAAC;SAAM,IAAI,EAAE,CAAC,QAAQ,EAAE,KAAK,QAAQ,EAAE,CAAC;QACpC,WAAW,GAAG,wDAAwD,CAAC;IAC3E,CAAC;SAAM,CAAC;QACJ,WAAW,GAAG,sDAAsD,CAAC;IACzE,CAAC;IAED,MAAM,CAAC,MAAM,CAAC,gBAAgB,CAAC,OAAO,EAAE,UAAU,CAAC,CAAC,IAAI,CAAC,SAAS,CAAC,EAAE;QACjE,IAAI,SAAS,KAAK,UAAU,EAAE,CAAC;YAC3B,MAAM,CAAC,MAAM,CAAC,sBAAsB,CAAC,WAAW,CAAC,CAAC;QACtD,CAAC;IACL,CAAC,CAAC,CAAC;AACP,CAAC;AAED,2DAA2D;AAC3D,SAAgB,UAAU,KAAI,CAAC;AAE/B,+BAA+B;AAC/B,SAAgB,iBAAiB,CAAC,OAAgC,EAAE,UAAkB;IAClF,IAAI,CAAC;QACD,MAAM,UAAU,GAAG,IAAI,CAAC,IAAI,CAAC,OAAO,CAAC,YAAY,CAAC,MAAM,EAAE,eAAe,CAAC,CAAC;QAC3E,uBAAuB,CAAC,UAAU,EAAE,UAAU,CAAC,CAAC;IACpD,CAAC;IAAC,OAAO,KAAK,EAAE,CAAC;QACb,IAAA,sCAAqB,EAAC,KAAK,CAAC,CAAC;IACjC,CAAC;AACL,CAAC;AAED,iBAAiB;AACjB,SAAgB,qBAAqB,CAAC,oBAA4B;IAC9D,MAAM,SAAS,GAAG,MAAM,CAAC,GAAG,CAAC,IAAI,CAAC,oBAAoB,CAAC,CAAC;IACxD,MAAM,CAAC,QAAQ,CAAC,cAAc,CAAC,8BAA8B,EAAE,SAAS,CAAC;QACzE,IAAI,CAAC,GAAG,EAAE;QACN,0BAA0B;IAC9B,CAAC,EAAE,CAAC,KAAK,EAAE,EAAE;QACT,MAAM,CAAC,MAAM,CAAC,gBAAgB,CAAC,4BAA4B,IAAA,kCAAiB,EAAC,KAAK,CAAC,EAAE,CAAC,CAAC;IAC3F,CAAC,CAAC,CAAC;AACP,CAAC;AAED,4BAA4B;AACrB,KAAK,UAAU,qBAAqB,CAAC,OAAgC,EAAE,qBAA6B;IACvG,MAAM,YAAY,GAAG,IAAI,CAAC,IAAI,CAAC,OAAO,CAAC,YAAY,CAAC,MAAM,EAAE,6BAA6B,CAAC,CAAC;IAE3F,UAAU;IACV,MAAM,MAAM,GAAG,MAAM,0BAA0B,EAAE,CAAC;IAClD,IAAI,CAAC,MAAM,EAAE,CAAC;QACV,OAAO,KAAK,CAAC;IACjB,CAAC;IAED,eAAe;IACf,IAAI,CAAC,MAAM,sBAAsB,CAAC,MAAM,CAAC,aAAa,EAAE,MAAM,CAAC,WAAW,CAAC,EAAE,CAAC;QAC1E,OAAO,KAAK,CAAC;IACjB,CAAC;IAED,gBAAgB;IAChB,OAAO,mBAAmB,CAAC,YAAY,EAAE,qBAAqB,EAAE,MAAM,CAAC,CAAC;AAC5E,CAAC;AAED,4BAA4B;AACrB,KAAK,UAAU,0BAA0B;IAC5C,gBAAgB;IAChB,MAAM,gBAAgB,GAAG,MAAM,MAAM,CAAC,MAAM,CAAC,cAAc,CAAC;QACxD,gBAAgB,EAAE,IAAI;QACtB,aAAa,EAAE,KAAK;QACpB,SAAS,EAAE,uBAAuB;KACrC,CAAC,CAAC;IACH,IAAI,CAAC,gBAAgB,IAAI,gBAAgB,CAAC,MAAM,KAAK,CAAC,EAAE,CAAC;QACrD,MAAM,CAAC,MAAM,CAAC,gBAAgB,CAAC,uBAAuB,CAAC,CAAC;QACxD,OAAO,IAAI,CAAC;IAChB,CAAC;IACD,MAAM,aAAa,GAAG,gBAAgB,CAAC,CAAC,CAAC,CAAC,MAAM,CAAC;IAEjD,iBAAiB;IACjB,MAAM,cAAc,GAAG,MAAM,MAAM,CAAC,MAAM,CAAC,cAAc,CAAC;QACtD,gBAAgB,EAAE,IAAI;QACtB,aAAa,EAAE,KAAK;QACpB,SAAS,EAAE,qBAAqB;KACnC,CAAC,CAAC;IACH,IAAI,CAAC,cAAc,IAAI,cAAc,CAAC,MAAM,KAAK,CAAC,EAAE,CAAC;QACjD,MAAM,CAAC,MAAM,CAAC,gBAAgB,CAAC,sBAAsB,CAAC,CAAC;QACvD,OAAO,IAAI,CAAC;IAChB,CAAC;IACD,MAAM,WAAW,GAAG,cAAc,CAAC,CAAC,CAAC,CAAC,MAAM,CAAC;IAE7C,iBAAiB;IACjB,MAAM,SAAS,GAAG,MAAM,MAAM,CAAC,MAAM,CAAC,YAAY,CAAC;QAC/C,MAAM,EAAE,yCAAyC;QACjD,cAAc,EAAE,IAAI;QACpB,QAAQ,EAAE,IAAI;QACd,aAAa,EAAE,8BAAa;KAC/B,CAAC,CAAC;IACH,IAAI,CAAC,SAAS,EAAE,CAAC;QACb,MAAM,CAAC,MAAM,CAAC,gBAAgB,CAAC,kBAAkB,CAAC,CAAC;QACnD,OAAO,IAAI,CAAC;IAChB,CAAC;IAED,OAAO,EAAE,aAAa,EAAE,WAAW,EAAE,SAAS,EAAE,CAAC;AACrD,CAAC;AAED,oBAAoB;AACb,KAAK,UAAU,sBAAsB,CAAC,aAAqB,EAAE,WAAmB;IACnF,IAAI,CAAC;QACD,MAAM,MAAM,CAAC,QAAQ,CAAC,cAAc,CAAC,+BAA+B,CAAC,CAAC;QACtE,MAAM,QAAQ,GAAG,MAAM,CAAC,MAAM,CAAC,cAAc,CAAC;QAC9C,QAAQ,EAAE,QAAQ,CAAC,cAAc,aAAa,GAAG,CAAC,CAAC;QACnD,QAAQ,EAAE,QAAQ,CAAC,cAAc,WAAW,GAAG,CAAC,CAAC;QACjD,OAAO,IAAI,CAAC;IAChB,CAAC;IAAC,OAAO,KAAK,EAAE,CAAC;QACb,MAAM,CAAC,MAAM,CAAC,gBAAgB,CAAC,6BAA6B,IAAA,kCAAiB,EAAC,KAAK,CAAC,EAAE,CAAC,CAAC;QACxF,OAAO,KAAK,CAAC;IACjB,CAAC;AACL,CAAC;AAED,oBAAoB;AACpB,SAAgB,mBAAmB,CAC/B,YAAoB,EACpB,UAAkB,EAClB,MAAuE;IAEvE,IAAI,CAAC;QACD,MAAM,YAAY,GAA2B;YACzC,UAAU,EAAE,MAAM,CAAC,SAAS;YAC5B,YAAY,EAAE,MAAM,CAAC,WAAW;YAChC,cAAc,EAAE,MAAM,CAAC,aAAa;SACvC,CAAC;QAEF,kBAAkB;QAClB,IAAI,QAAQ,GAAG,EAAE,CAAC,YAAY,CAAC,YAAY,EAAE,MAAM,CAAC,CAAC;QAErD,cAAc;QACd,MAAM,CAAC,OAAO,CAAC,YAAY,CAAC,CAAC,OAAO,CAAC,CAAC,CAAC,GAAG,EAAE,KAAK,CAAC,EAAE,EAAE;YAClD,MAAM,KAAK,GAAG,IAAI,MAAM,CAAC,KAAK,GAAG,IAAI,EAAE,GAAG,CAAC,CAAC,CAAC,+BAA+B;YAC5E,QAAQ,GAAG,QAAQ,CAAC,OAAO,CAAC,KAAK,EAAE,KAAK,CAAC,CAAC;QAC9C,CAAC,CAAC,CAAC;QAEH,EAAE,CAAC,aAAa,CAAC,UAAU,EAAE,QAAQ,CAAC,IAAI,EAAE,CAAC,CAAC;QAC9C,OAAO,IAAI,CAAC,CAAE,KAAK;IACvB,CAAC;IAAC,OAAO,KAAK,EAAE,CAAC;QACb,IAAA,sCAAqB,EAAC,KAAK,CAAC,CAAC;QAC7B,MAAM,CAAC,MAAM,CAAC,gBAAgB,CAAC,oCAAoC,CAAC,CAAC;QACrE,OAAO,KAAK,CAAC,CAAE,KAAK;IACxB,CAAC;AACL,CAAC;AAED,mBAAmB;AACnB,SAAgB,uBAAuB,CAAC,MAAc,EAAE,MAAc,EAAE,WAAgB,EAAE;IACtF,IAAI,CAAC;QACD,IAAI,CAAC,QAAQ,CAAC,UAAU,CAAC,MAAM,CAAC,EAAE,CAAC;YAAA,OAAO;QAAA,CAAC;QAC3C,IAAI,CAAC,QAAQ,CAAC,UAAU,CAAC,MAAM,CAAC,EAAE,CAAC;YAAA,QAAQ,CAAC,SAAS,CAAC,MAAM,EAAE,EAAE,SAAS,EAAE,IAAI,EAAE,CAAC,CAAC;QAAA,CAAC;QAEpF,MAAM,KAAK,GAAG,QAAQ,CAAC,WAAW,CAAC,MAAM,CAAC,CAAC;QAC3C,KAAK,MAAM,IAAI,IAAI,KAAK,EAAE,CAAC;YACvB,MAAM,OAAO,GAAG,IAAI,CAAC,IAAI,CAAC,MAAM,EAAE,IAAI,CAAC,CAAC;YACxC,MAAM,QAAQ,GAAG,IAAI,CAAC,IAAI,CAAC,MAAM,EAAE,IAAI,CAAC,CAAC;YACzC,IAAI,QAAQ,CAAC,SAAS,CAAC,OAAO,CAAC,CAAC,WAAW,EAAE,EAAE,CAAC;gBAC5C,uBAAuB,CAAC,OAAO,EAAE,QAAQ,EAAE,QAAQ,CAAC,CAAC;YACzD,CAAC;iBAAM,CAAC;gBACJ,QAAQ,CAAC,YAAY,CAAC,OAAO,EAAE,QAAQ,CAAC,CAAC;YAC7C,CAAC;QACL,CAAC;IACL,CAAC;IAAC,OAAO,KAAK,EAAE,CAAC;QACb,IAAA,sCAAqB,EAAC,KAAK,CAAC,CAAC;IACjC,CAAC;AACL,CAAC","sourcesContent":["import * as vscode from 'vscode';\nimport * as fs from 'fs';\nimport * as path from 'path';\nimport { exec } from 'child_process';\nimport { promisify } from 'util';\nimport * as os from 'os';\nimport {\n    parseErrorMessage, isDockerError, handleDockerError,\n    validateInput, handleFileSystemError\n} from './error-handlers';\n\nconst execPromise = promisify(exec);\n\n// 設定関連の定数\nexport const CONFIG = {\n  DOCKER_IMAGE: 'kokeh/hu_bioinfo:stable',\n  CONTAINER_NAME_FILTERS: ['hu-bioinfo-workshop', 'work-env']\n};\n\n/**\n * エクステンションアクティベーション時の処理\n * @param context VS Codeのエクステンションコンテキスト\n */\nexport function activate(context: vscode.ExtensionContext) {\n    const extensionStoragePath = context.globalStorageUri.fsPath;\n    const devcontainerPath = path.join(extensionStoragePath, \".devcontainer\");\n    const dockercomposeFilePath = path.join(devcontainerPath, \"docker-compose.yml\");\n\n    let startWorkEnvCommand = vscode.commands.registerCommand('work-env.start-work-env', async () => {\n        try {\n            // 事前チェック\n            if (!await preflightChecks()) {\n                return;\n            }\n            \n            // DockerイメージのPull\n            if (!await pullDockerImage(CONFIG.DOCKER_IMAGE)) {\n                return;\n            }\n            \n            // .devcontainer の設定\n            if (!fs.existsSync(devcontainerPath)) {\n                vscode.window.showInformationMessage(\".devcontainerを設定中...\");\n                setupDevContainer(context, devcontainerPath);\n            }\n            \n            if (!fs.existsSync(dockercomposeFilePath)) {\n                const success = await generateDockerCompose(context, dockercomposeFilePath);\n                if (!success) {return;}\n            }\n\n            // remote-containers.openFolder コマンドで開く\n            openFolderInContainer(extensionStoragePath);\n        } catch (error) {\n            const errorMessage = parseErrorMessage(error);\n            if (isDockerError(error)) {\n                handleDockerError(error);\n            } else {\n                vscode.window.showErrorMessage(`エラー: ${errorMessage}`);\n            }\n        }\n    });\n    \n    let resetConfigCommand = vscode.commands.registerCommand('work-env.reset-config', async () => {\n        try {\n            // 事前チェック\n            if (!await preflightChecks()) {\n                return;\n            }\n            \n            // DockerイメージのPull\n            if (!await pullDockerImage(CONFIG.DOCKER_IMAGE)) {\n                return;\n            }\n\n            if (!fs.existsSync(devcontainerPath)) {\n                vscode.window.showInformationMessage(\"まず 'Start work-env' を実行してください\");\n                return;\n            }\n\n            // ここで false が返ったら処理を中断\n            const success = await generateDockerCompose(context, dockercomposeFilePath);\n            if (!success) {return;}\n\n            // コンテナの削除\n            await removeExistingContainers(CONFIG.CONTAINER_NAME_FILTERS);\n            \n            // remote-containers.openFolder コマンドで開く\n            openFolderInContainer(extensionStoragePath);\n        } catch (error) {\n            const errorMessage = parseErrorMessage(error);\n            if (isDockerError(error)) {\n                handleDockerError(error);\n            } else {\n                vscode.window.showErrorMessage(`エラー: ${errorMessage}`);\n            }\n        }\n    });\n\n    context.subscriptions.push(startWorkEnvCommand);\n    context.subscriptions.push(resetConfigCommand);\n}\n\n/**\n * 事前チェック（Remote Container拡張、Docker、権限）\n * @returns 全てのチェックが通った場合はtrue\n */\nexport async function preflightChecks(): Promise<boolean> {\n    // Remote Containers拡張機能がインストールされているか確認\n    if (!isRemoteContainersExtensionInstalled()) {\n        showRemoteContainersNotInstalledError();\n        return false;\n    }\n\n    // Dockerがインストールされているか確認\n    if (!await isDockerInstalled()) {\n        showDockerNotInstalledError();\n        return false;\n    }\n\n    // Dockerの権限を確認\n    if (!await checkDockerPermissions()) {\n        showDockerPermissionError();\n        return false;\n    }\n    \n    return true;\n}\n\n/**\n * Dockerイメージをプルする\n * @param imageName プルするイメージ名\n * @returns 成功した場合はtrue\n */\nexport async function pullDockerImage(imageName: string): Promise<boolean> {\n    try {\n        vscode.window.showInformationMessage(`Dockerイメージ ${imageName} を取得中...`);\n        await execPromise(`docker pull ${imageName}`);\n        return true;\n    } catch (error) {\n        handleDockerError(error);\n        return false;\n    }\n}\n\n/**\n * 既存のコンテナを削除する\n * @param nameFilters コンテナ名フィルタ\n * @returns 成功した場合はtrue\n */\nexport async function removeExistingContainers(nameFilters: string[]): Promise<boolean> {\n    try {\n        // フィルタ文字列の作成\n        const filterStr = nameFilters.map(name => `--filter 'name=${name}'`).join(' ');\n        await execPromise(`docker rm -f $(docker ps -aq ${filterStr})`);\n        return true;\n    } catch (error) {\n        // コンテナが存在しない場合はエラーが出るが無視して続行\n        return true;\n    }\n}\n\n// Remote Containers拡張機能がインストールされているかを確認する関数\nexport function isRemoteContainersExtensionInstalled(): boolean {\n    const extension = vscode.extensions.getExtension('ms-vscode-remote.remote-containers');\n    return !!extension;\n}\n\n// Remote Containers拡張機能がインストールされていない場合のエラーメッセージを表示\nexport function showRemoteContainersNotInstalledError() {\n    const message = 'Remote Containers拡張機能がインストールされていません。この拡張機能を使用する前にインストールしてください。';\n    const installButton = '拡張機能をインストール';\n    \n    vscode.window.showErrorMessage(message, installButton).then(selection => {\n        if (selection === installButton) {\n            vscode.commands.executeCommand('workbench.extensions.search', 'ms-vscode-remote.remote-containers');\n        }\n    });\n}\n\n// Dockerがインストールされているかを確認する関数\nexport async function isDockerInstalled(): Promise<boolean> {\n    try {\n        await execPromise('docker --version');\n        return true;\n    } catch (error) {\n        return false;\n    }\n}\n\n// Dockerがインストールされていない場合のエラーメッセージを表示\nexport function showDockerNotInstalledError() {\n    const message = 'Dockerがインストールされていません。この拡張機能を使用する前にDockerをインストールしてください。';\n    const installButton = 'インストールガイド';\n    \n    vscode.window.showErrorMessage(message, installButton).then(selection => {\n        if (selection === installButton) {\n            vscode.env.openExternal(vscode.Uri.parse('https://docs.docker.com/get-docker/'));\n        }\n    });\n}\n\n// Dockerの権限を確認する関数\nexport async function checkDockerPermissions(): Promise<boolean> {\n    try {\n        await execPromise('docker info');\n        return true;\n    } catch (error) {\n        // エラーメッセージに権限関連の文字列が含まれているか確認\n        const errorMessage = error ? (error as Error).toString().toLowerCase() : '';\n        if (errorMessage.includes('permission') || errorMessage.includes('denied') || errorMessage.includes('access')) {\n            return false;\n        }\n        // 他のエラーの場合はDockerの問題ではない可能性があるため、インストールされていない扱いにする\n        return false;\n    }\n}\n\n// Dockerの権限エラーの場合のメッセージを表示\nexport function showDockerPermissionError() {\n    const message = 'Dockerの実行権限がありません。';\n    const helpButton = '対処方法を確認';\n    \n    let helpMessage = '';\n    if (os.platform() === 'linux') {\n        helpMessage = 'ユーザーをdockerグループに追加してください: sudo usermod -aG docker $USER\\nその後、ログアウトして再度ログインしてください。';\n    } else if (os.platform() === 'darwin') {\n        helpMessage = 'macOSでDockerの権限エラーが発生した場合は、Docker Desktopを再起動してみてください。';\n    } else {\n        helpMessage = 'Dockerの実行権限を確認してください。管理者権限で実行するか、適切なユーザー権限を設定してください。';\n    }\n    \n    vscode.window.showErrorMessage(message, helpButton).then(selection => {\n        if (selection === helpButton) {\n            vscode.window.showInformationMessage(helpMessage);\n        }\n    });\n}\n\n// This method is called when your extension is deactivated\nexport function deactivate() {}\n\n// .devcontainerフォルダをセットアップする関数\nexport function setupDevContainer(context: vscode.ExtensionContext, targetPath: string) {\n    try {\n        const sourcePath = path.join(context.extensionUri.fsPath, \".devcontainer\");\n        copyFolderRecursiveSync(sourcePath, targetPath);\n    } catch (error) {\n        handleFileSystemError(error);\n    }\n}\n\n// コンテナでフォルダを開く関数\nexport function openFolderInContainer(extensionStoragePath: string) {\n    const folderUri = vscode.Uri.file(extensionStoragePath);\n    vscode.commands.executeCommand(\"remote-containers.openFolder\", folderUri).\n    then(() => {\n        // トークンは使用しないが、APIの要件として必要\n    }, (error) => {\n        vscode.window.showErrorMessage(`コンテナでフォルダを開くことができませんでした: ${parseErrorMessage(error)}`);\n    });\n}\n\n// Docker Composeファイルを生成する関数\nexport async function generateDockerCompose(context: vscode.ExtensionContext, dockercomposeFilePath: string): Promise<boolean> {\n    const templatePath = path.join(context.extensionUri.fsPath, \"docker-compose.templete.yml\");\n    \n    // 設定情報の収集\n    const config = await collectDockerComposeConfig();\n    if (!config) {\n        return false;\n    }\n    \n    // ファイルアクセス権の設定\n    if (!await setupFolderPermissions(config.projectFolder, config.cacheFolder)) {\n        return false;\n    }\n    \n    // テンプレートファイルの処理\n    return processTemplateFile(templatePath, dockercomposeFilePath, config);\n}\n\n// Docker Compose設定情報を収集する関数\nexport async function collectDockerComposeConfig(): Promise<{projectFolder: string, cacheFolder: string, githubPat: string} | null> {\n    // プロジェクトフォルダの選択\n    const projectFolderUri = await vscode.window.showOpenDialog({\n        canSelectFolders: true,\n        canSelectMany: false,\n        openLabel: \"Select Project Folder\"\n    });\n    if (!projectFolderUri || projectFolderUri.length === 0) {\n        vscode.window.showErrorMessage(\"プロジェクトフォルダが選択されていません。\");\n        return null;\n    }\n    const projectFolder = projectFolderUri[0].fsPath;\n\n    // キャッシュディレクトリの選択\n    const cacheFolderUri = await vscode.window.showOpenDialog({\n        canSelectFolders: true,\n        canSelectMany: false,\n        openLabel: \"Select Cache Folder\"\n    });\n    if (!cacheFolderUri || cacheFolderUri.length === 0) {\n        vscode.window.showErrorMessage(\"キャッシュフォルダが選択されていません。\");\n        return null;\n    }\n    const cacheFolder = cacheFolderUri[0].fsPath;\n\n    // GitHub PAT の入力\n    const githubPat = await vscode.window.showInputBox({\n        prompt: \"Enter your GitHub Personal Access Token\",\n        ignoreFocusOut: true,\n        password: true,\n        validateInput: validateInput\n    });\n    if (!githubPat) {\n        vscode.window.showErrorMessage(\"GitHub PATが必要です。\");\n        return null;\n    }\n    \n    return { projectFolder, cacheFolder, githubPat };\n}\n\n// フォルダのアクセス権を設定する関数\nexport async function setupFolderPermissions(projectFolder: string, cacheFolder: string): Promise<boolean> {\n    try {\n        await vscode.commands.executeCommand(\"workbench.action.terminal.new\");\n        const terminal = vscode.window.activeTerminal;\n        terminal?.sendText(`chmod 777 \"${projectFolder}\"`);\n        terminal?.sendText(`chmod 777 \"${cacheFolder}\"`);\n        return true;\n    } catch (error) {\n        vscode.window.showErrorMessage(`権限エラー: フォルダのアクセス権を変更できません。${parseErrorMessage(error)}`);\n        return false;\n    }\n}\n\n// テンプレートファイルを処理する関数\nexport function processTemplateFile(\n    templatePath: string,\n    outputPath: string,\n    config: {projectFolder: string, cacheFolder: string, githubPat: string}\n): boolean {\n    try {\n        const replacements: Record<string, string> = {\n            GITHUB_PAT: config.githubPat,\n            CACHE_FOLDER: config.cacheFolder,\n            PROJECT_FOLDER: config.projectFolder\n        };\n\n        // テンプレートファイルを読み込む\n        let template = fs.readFileSync(templatePath, 'utf8');\n\n        // プレースホルダーを置換\n        Object.entries(replacements).forEach(([key, value]) => {\n            const regex = new RegExp(`{{${key}}}`, 'g'); // `{{GITHUB_PAT}}` のようなパターンを探す\n            template = template.replace(regex, value);\n        });\n\n        fs.writeFileSync(outputPath, template.trim());\n        return true;  // 成功\n    } catch (error) {\n        handleFileSystemError(error);\n        vscode.window.showErrorMessage(`docker-compose.ymlの生成中にエラーが発生しました。`);\n        return false;  // 失敗\n    }\n}\n\n// フォルダを再帰的にコピーする関数\nexport function copyFolderRecursiveSync(source: string, target: string, fsModule: any = fs) {\n    try {\n        if (!fsModule.existsSync(source)) {return;}\n        if (!fsModule.existsSync(target)) {fsModule.mkdirSync(target, { recursive: true });}\n\n        const files = fsModule.readdirSync(source);\n        for (const file of files) {\n            const srcPath = path.join(source, file);\n            const destPath = path.join(target, file);\n            if (fsModule.lstatSync(srcPath).isDirectory()) {\n                copyFolderRecursiveSync(srcPath, destPath, fsModule);\n            } else {\n                fsModule.copyFileSync(srcPath, destPath);\n            }\n        }\n    } catch (error) {\n        handleFileSystemError(error);\n    }\n}"]},"_coverageSchema":"1a1c01bbd47fc00a2c39e90264f33305004495a9","hash":"912a154ca379ef7d8bd2c766d72b03e2fb03b7dd"}}